RUN	ComputerDatabaseSimulation	computerdatabasesimulation	1548628045538	 	3.0.0-RC4
USER	Users	1	START	1548628049722	1548628049722
USER	Users	2	START	1548628050036	1548628050036
USER	Users	3	START	1548628050223	1548628050223
REQUEST	1		Home	1548628049784	1548628050295	OK	 
USER	Users	4	START	1548628050423	1548628050423
REQUEST	2		Home	1548628050039	1548628050516	OK	 
REQUEST	1		Home Redirect 1	1548628050321	1548628050577	OK	 
USER	Users	5	START	1548628050623	1548628050623
REQUEST	3		Home	1548628050224	1548628050685	OK	 
REQUEST	2		Home Redirect 1	1548628050517	1548628050756	OK	 
REQUEST	4		Home	1548628050424	1548628050904	OK	 
REQUEST	3		Home Redirect 1	1548628050694	1548628050962	OK	 
REQUEST	5		Home	1548628050624	1548628051072	OK	 
REQUEST	4		Home Redirect 1	1548628050906	1548628051167	OK	 
REQUEST	5		Home Redirect 1	1548628051074	1548628051320	OK	 
REQUEST	1		Search	1548628051605	1548628051841	OK	 
REQUEST	2		Search	1548628051765	1548628052026	OK	 
REQUEST	3		Search	1548628051976	1548628052215	OK	 
REQUEST	4		Search	1548628052175	1548628052424	OK	 
REQUEST	5		Search	1548628052346	1548628052583	OK	 
REQUEST	1		Select	1548628052845	1548628053088	OK	 
REQUEST	2		Select	1548628053047	1548628053280	OK	 
REQUEST	3		Select	1548628053219	1548628053464	OK	 
REQUEST	4		Select	1548628053462	1548628053719	OK	 
REQUEST	5		Select	1548628053586	1548628053827	OK	 
REQUEST	1		Page 0	1548628054090	1548628054326	OK	 
REQUEST	2		Page 0	1548628054284	1548628054532	OK	 
REQUEST	3		Page 0	1548628054490	1548628054737	OK	 
REQUEST	4		Page 0	1548628054708	1548628054954	OK	 
REQUEST	5		Page 0	1548628054832	1548628055062	OK	 
REQUEST	1		Page 1	1548628055354	1548628055589	OK	 
REQUEST	2		Page 1	1548628055525	1548628055785	OK	 
REQUEST	3		Page 1	1548628055744	1548628055998	OK	 
REQUEST	4		Page 1	1548628055958	1548628056213	OK	 
REQUEST	5		Page 1	1548628056066	1548628056312	OK	 
REQUEST	1		Page 2	1548628056580	1548628056823	OK	 
REQUEST	2		Page 2	1548628056797	1548628057038	OK	 
REQUEST	3		Page 2	1548628056998	1548628057238	OK	 
REQUEST	4		Page 2	1548628057209	1548628057458	OK	 
REQUEST	5		Page 2	1548628057294	1548628057527	OK	 
REQUEST	1		Page 3	1548628057828	1548628058071	OK	 
REQUEST	2		Page 3	1548628058034	1548628058277	OK	 
REQUEST	3		Page 3	1548628058232	1548628058462	OK	 
REQUEST	4		Page 3	1548628058460	1548628058719	OK	 
REQUEST	5		Page 3	1548628058544	1548628058776	OK	 
REQUEST	1		Page 4	1548628059072	1548628059315	OK	 
REQUEST	2		Page 4	1548628059277	1548628059519	OK	 
REQUEST	3		Page 4	1548628059478	1548628059710	OK	 
REQUEST	4		Page 4	1548628059739	1548628059994	OK	 
REQUEST	5		Page 4	1548628059780	1548628060023	OK	 
USER	Users	1	END	1548628049722	1548628060316
USER	Users	2	END	1548628050036	1548628060525
USER	Users	3	END	1548628050223	1548628060714
USER	Users	4	END	1548628050423	1548628060975
USER	Users	5	END	1548628050623	1548628061021
