RUN	ComputerDatabaseSimulation	computerdatabasesimulation	1548621545753	 	3.0.0-RC4
USER	Users	1	START	1548621551937	1548621551937
REQUEST	1		Home	1548621552081	1548621552558	OK	 
USER	Users	2	START	1548621552593	1548621552593
REQUEST	1		Home Redirect 1	1548621552580	1548621552882	OK	 
USER	Users	3	START	1548621553093	1548621553093
REQUEST	2		Home	1548621552632	1548621553125	OK	 
REQUEST	2		Home Redirect 1	1548621553132	1548621553426	OK	 
REQUEST	3		Home	1548621553112	1548621553591	OK	 
USER	Users	4	START	1548621553595	1548621553595
REQUEST	3		Home Redirect 1	1548621553598	1548621553883	OK	 
REQUEST	4		Home	1548621553597	1548621554061	OK	 
USER	Users	5	START	1548621554092	1548621554092
REQUEST	4		Home Redirect 1	1548621554065	1548621554343	OK	 
USER	Users	6	START	1548621554390	1548621554390
REQUEST	1		Search	1548621553927	1548621554186	OK	 
REQUEST	5		Home	1548621554110	1548621554647	OK	 
REQUEST	2		Search	1548621554527	1548621554800	OK	 
USER	Users	7	START	1548621554872	1548621554872
REQUEST	5		Home Redirect 1	1548621554650	1548621554976	OK	 
REQUEST	6		Home	1548621554418	1548621555011	OK	 
REQUEST	6		Home Redirect 1	1548621555022	1548621555292	OK	 
REQUEST	3		Search	1548621554928	1548621555257	OK	 
REQUEST	7		Home	1548621554874	1548621555420	OK	 
USER	Users	8	START	1548621555403	1548621555403
REQUEST	1		Select	1548621555188	1548621555501	OK	 
REQUEST	4		Search	1548621555376	1548621555626	OK	 
REQUEST	7		Home Redirect 1	1548621555424	1548621555773	OK	 
REQUEST	8		Home	1548621555418	1548621555955	OK	 
USER	Users	9	START	1548621555897	1548621555897
REQUEST	2		Select	1548621555797	1548621556116	OK	 
REQUEST	8		Home Redirect 1	1548621555969	1548621556264	OK	 
USER	Users	10	START	1548621556383	1548621556383
REQUEST	9		Home	1548621555958	1548621556433	OK	 
REQUEST	5		Search	1548621556037	1548621556411	OK	 
REQUEST	3		Select	1548621556275	1548621556543	OK	 
REQUEST	6		Search	1548621556339	1548621556705	OK	 
REQUEST	9		Home Redirect 1	1548621556439	1548621556756	OK	 
REQUEST	1		Page 0	1548621556541	1548621556802	OK	 
REQUEST	10		Home	1548621556388	1548621556886	OK	 
REQUEST	4		Select	1548621556670	1548621556957	OK	 
REQUEST	10		Home Redirect 1	1548621556891	1548621557175	OK	 
REQUEST	7		Search	1548621556811	1548621557167	OK	 
REQUEST	2		Page 0	1548621557136	1548621557509	OK	 
REQUEST	8		Search	1548621557276	1548621557628	OK	 
REQUEST	5		Select	1548621557425	1548621557723	OK	 
REQUEST	3		Page 0	1548621557575	1548621557939	OK	 
REQUEST	6		Select	1548621557722	1548621557970	OK	 
REQUEST	1		Page 1	1548621557823	1548621558173	OK	 
REQUEST	9		Search	1548621557781	1548621558219	OK	 
REQUEST	4		Page 0	1548621557979	1548621558299	OK	 
REQUEST	7		Select	1548621558186	1548621558547	OK	 
REQUEST	10		Search	1548621558233	1548621558577	OK	 
REQUEST	2		Page 1	1548621558527	1548621558822	OK	 
REQUEST	8		Select	1548621558660	1548621558972	OK	 
REQUEST	5		Page 0	1548621558739	1548621559069	OK	 
REQUEST	3		Page 1	1548621558936	1548621559215	OK	 
REQUEST	6		Page 0	1548621558998	1548621559399	OK	 
REQUEST	1		Page 2	1548621559209	1548621559455	OK	 
REQUEST	9		Select	1548621559233	1548621559552	OK	 
REQUEST	4		Page 1	1548621559338	1548621559661	OK	 
REQUEST	10		Select	1548621559610	1548621559986	OK	 
REQUEST	7		Page 0	1548621559578	1548621560065	OK	 
REQUEST	2		Page 2	1548621559841	1548621560188	OK	 
REQUEST	8		Page 0	1548621559977	1548621560293	OK	 
REQUEST	5		Page 1	1548621560070	1548621560344	OK	 
REQUEST	3		Page 2	1548621560237	1548621560632	OK	 
REQUEST	6		Page 1	1548621560397	1548621560790	OK	 
REQUEST	1		Page 3	1548621560466	1548621560869	OK	 
REQUEST	9		Page 0	1548621560559	1548621561072	OK	 
REQUEST	4		Page 2	1548621560683	1548621561270	OK	 
REQUEST	10		Page 0	1548621561129	1548621561457	OK	 
REQUEST	7		Page 1	1548621561142	1548621561513	OK	 
REQUEST	2		Page 3	1548621561270	1548621561587	OK	 
REQUEST	8		Page 1	1548621561321	1548621561641	OK	 
REQUEST	5		Page 2	1548621561357	1548621561663	OK	 
REQUEST	3		Page 3	1548621561660	1548621561966	OK	 
REQUEST	6		Page 2	1548621561853	1548621562123	OK	 
REQUEST	1		Page 4	1548621561882	1548621562221	OK	 
REQUEST	9		Page 1	1548621562184	1548621562483	OK	 
REQUEST	4		Page 3	1548621562312	1548621562925	OK	 
REQUEST	10		Page 1	1548621562483	1548621563091	OK	 
REQUEST	7		Page 2	1548621562518	1548621563259	OK	 
USER	Users	1	END	1548621551937	1548621563312
REQUEST	2		Page 4	1548621562714	1548621563511	OK	 
REQUEST	8		Page 2	1548621562714	1548621563508	OK	 
REQUEST	5		Page 3	1548621562924	1548621563602	OK	 
REQUEST	3		Page 4	1548621563060	1548621563658	OK	 
REQUEST	6		Page 3	1548621563269	1548621563757	OK	 
REQUEST	9		Page 2	1548621563575	1548621563863	OK	 
REQUEST	4		Page 4	1548621564036	1548621564417	OK	 
REQUEST	10		Page 2	1548621564262	1548621564625	OK	 
USER	Users	2	END	1548621552593	1548621564637
USER	Users	3	END	1548621553093	1548621564732
REQUEST	7		Page 3	1548621564386	1548621564771	OK	 
REQUEST	8		Page 3	1548621564636	1548621564937	OK	 
REQUEST	5		Page 4	1548621564735	1548621565015	OK	 
REQUEST	6		Page 4	1548621564772	1548621565044	OK	 
REQUEST	9		Page 3	1548621564816	1548621565101	OK	 
USER	Users	4	END	1548621553595	1548621565421
REQUEST	10		Page 3	1548621565622	1548621565879	OK	 
USER	Users	5	END	1548621554092	1548621565993
REQUEST	7		Page 4	1548621565779	1548621566036	OK	 
USER	Users	6	END	1548621554390	1548621566042
REQUEST	8		Page 4	1548621565917	1548621566172	OK	 
REQUEST	9		Page 4	1548621566102	1548621566342	OK	 
USER	Users	7	END	1548621554872	1548621567021
REQUEST	10		Page 4	1548621566882	1548621567107	OK	 
USER	Users	8	END	1548621555403	1548621567189
USER	Users	9	END	1548621555897	1548621567359
USER	Users	10	END	1548621556383	1548621568118
