RUN	ComputerDatabaseSimulation	computerdatabasesimulation	1548621881787	 	3.0.0-RC4
USER	Users	1	START	1548621885847	1548621885847
USER	Users	2	START	1548621886156	1548621886156
USER	Users	3	START	1548621886399	1548621886399
REQUEST	1		Home	1548621885913	1548621886428	OK	 
USER	Users	4	START	1548621886659	1548621886659
REQUEST	2		Home	1548621886157	1548621886701	OK	 
REQUEST	1		Home Redirect 1	1548621886450	1548621886751	OK	 
REQUEST	3		Home	1548621886405	1548621886933	OK	 
USER	Users	5	START	1548621886909	1548621886909
REQUEST	2		Home Redirect 1	1548621886702	1548621886975	OK	 
REQUEST	4		Home	1548621886660	1548621887168	OK	 
USER	Users	6	START	1548621887159	1548621887159
REQUEST	3		Home Redirect 1	1548621886944	1548621887202	OK	 
REQUEST	5		Home	1548621886931	1548621887371	OK	 
USER	Users	7	START	1548621887408	1548621887408
REQUEST	4		Home Redirect 1	1548621887170	1548621887439	OK	 
REQUEST	5		Home Redirect 1	1548621887373	1548621887606	OK	 
REQUEST	6		Home	1548621887169	1548621887641	OK	 
USER	Users	8	START	1548621887657	1548621887657
REQUEST	6		Home Redirect 1	1548621887645	1548621887886	OK	 
USER	Users	9	START	1548621887905	1548621887905
REQUEST	7		Home	1548621887415	1548621887945	OK	 
USER	Users	10	START	1548621888059	1548621888059
REQUEST	8		Home	1548621887685	1548621888134	OK	 
REQUEST	7		Home Redirect 1	1548621887947	1548621888228	OK	 
REQUEST	1		Search	1548621887777	1548621888028	OK	 
REQUEST	2		Search	1548621887998	1548621888256	OK	 
USER	Users	11	START	1548621888306	1548621888306
REQUEST	8		Home Redirect 1	1548621888139	1548621888382	OK	 
REQUEST	9		Home	1548621887919	1548621888507	OK	 
REQUEST	3		Search	1548621888223	1548621888518	OK	 
REQUEST	10		Home	1548621888060	1548621888553	OK	 
USER	Users	12	START	1548621888557	1548621888557
REQUEST	4		Search	1548621888463	1548621888716	OK	 
REQUEST	9		Home Redirect 1	1548621888519	1548621888757	OK	 
USER	Users	13	START	1548621888808	1548621888808
REQUEST	10		Home Redirect 1	1548621888559	1548621888825	OK	 
REQUEST	5		Search	1548621888618	1548621888856	OK	 
REQUEST	11		Home	1548621888319	1548621888880	OK	 
REQUEST	12		Home	1548621888565	1548621889039	OK	 
USER	Users	14	START	1548621889061	1548621889061
REQUEST	6		Search	1548621888907	1548621889184	OK	 
REQUEST	11		Home Redirect 1	1548621888882	1548621889199	OK	 
REQUEST	13		Home	1548621888810	1548621889252	OK	 
USER	Users	15	START	1548621889308	1548621889308
REQUEST	1		Select	1548621889059	1548621889368	OK	 
REQUEST	12		Home Redirect 1	1548621889042	1548621889371	OK	 
REQUEST	2		Select	1548621889251	1548621889486	OK	 
REQUEST	13		Home Redirect 1	1548621889271	1548621889534	OK	 
USER	Users	16	START	1548621889556	1548621889556
REQUEST	7		Search	1548621889272	1548621889584	OK	 
REQUEST	14		Home	1548621889085	1548621889601	OK	 
REQUEST	8		Search	1548621889388	1548621889674	OK	 
REQUEST	3		Select	1548621889536	1548621889814	OK	 
USER	Users	17	START	1548621889807	1548621889807
REQUEST	15		Home	1548621889338	1548621889890	OK	 
REQUEST	14		Home Redirect 1	1548621889629	1548621889926	OK	 
REQUEST	4		Select	1548621889727	1548621889978	OK	 
REQUEST	9		Search	1548621889776	1548621890005	OK	 
USER	Users	18	START	1548621890046	1548621890046
REQUEST	16		Home	1548621889582	1548621890076	OK	 
REQUEST	5		Select	1548621889888	1548621890146	OK	 
REQUEST	10		Search	1548621889838	1548621890145	OK	 
REQUEST	15		Home Redirect 1	1548621889913	1548621890165	OK	 
REQUEST	17		Home	1548621889815	1548621890315	OK	 
USER	Users	19	START	1548621890304	1548621890304
REQUEST	16		Home Redirect 1	1548621890082	1548621890365	OK	 
REQUEST	6		Select	1548621890181	1548621890439	OK	 
REQUEST	18		Home	1548621890055	1548621890549	OK	 
REQUEST	11		Search	1548621890243	1548621890551	OK	 
USER	Users	20	START	1548621890551	1548621890551
REQUEST	17		Home Redirect 1	1548621890317	1548621890635	OK	 
REQUEST	12		Search	1548621890397	1548621890671	OK	 
REQUEST	1		Page 0	1548621890409	1548621890683	OK	 
REQUEST	2		Page 0	1548621890490	1548621890736	OK	 
REQUEST	19		Home	1548621890313	1548621890750	OK	 
REQUEST	18		Home Redirect 1	1548621890561	1548621890814	OK	 
REQUEST	13		Search	1548621890595	1548621890860	OK	 
REQUEST	7		Select	1548621890596	1548621890907	OK	 
REQUEST	19		Home Redirect 1	1548621890754	1548621891108	OK	 
REQUEST	8		Select	1548621890698	1548621891112	OK	 
REQUEST	20		Home	1548621890564	1548621891118	OK	 
REQUEST	3		Page 0	1548621890825	1548621891157	OK	 
REQUEST	14		Search	1548621890940	1548621891212	OK	 
REQUEST	4		Page 0	1548621890987	1548621891267	OK	 
REQUEST	9		Select	1548621891033	1548621891308	OK	 
REQUEST	20		Home Redirect 1	1548621891121	1548621891382	OK	 
REQUEST	5		Page 0	1548621891153	1548621891431	OK	 
REQUEST	10		Select	1548621891209	1548621891495	OK	 
REQUEST	15		Search	1548621891211	1548621891500	OK	 
REQUEST	16		Search	1548621891398	1548621891725	OK	 
REQUEST	6		Page 0	1548621891441	1548621891748	OK	 
REQUEST	11		Select	1548621891549	1548621891836	OK	 
REQUEST	1		Page 1	1548621891684	1548621892023	OK	 
REQUEST	12		Select	1548621891683	1548621892025	OK	 
REQUEST	2		Page 1	1548621891750	1548621892050	OK	 
REQUEST	17		Search	1548621891657	1548621892038	OK	 
REQUEST	13		Select	1548621891878	1548621892127	OK	 
REQUEST	18		Search	1548621891840	1548621892115	OK	 
REQUEST	7		Page 0	1548621891949	1548621892276	OK	 
REQUEST	8		Page 0	1548621892116	1548621892488	OK	 
REQUEST	19		Search	1548621892152	1548621892458	OK	 
REQUEST	3		Page 1	1548621892198	1548621892560	OK	 
REQUEST	14		Select	1548621892221	1548621892634	OK	 
REQUEST	9		Page 0	1548621892304	1548621892781	OK	 
REQUEST	4		Page 1	1548621892276	1548621892803	OK	 
REQUEST	20		Search	1548621892398	1548621892873	OK	 
REQUEST	5		Page 1	1548621892456	1548621893058	OK	 
REQUEST	15		Select	1548621892519	1548621893165	OK	 
REQUEST	10		Page 0	1548621892490	1548621893185	OK	 
REQUEST	16		Select	1548621892724	1548621893446	OK	 
REQUEST	6		Page 1	1548621892777	1548621893518	OK	 
REQUEST	1		Page 2	1548621893018	1548621893568	OK	 
REQUEST	11		Page 0	1548621892837	1548621893701	OK	 
REQUEST	12		Page 0	1548621893056	1548621893705	OK	 
REQUEST	2		Page 2	1548621893082	1548621893703	OK	 
REQUEST	17		Select	1548621893059	1548621893727	OK	 
REQUEST	7		Page 1	1548621893317	1548621893741	OK	 
REQUEST	13		Page 0	1548621893154	1548621893739	OK	 
REQUEST	18		Select	1548621893150	1548621893800	OK	 
REQUEST	19		Select	1548621893493	1548621893802	OK	 
REQUEST	8		Page 1	1548621893521	1548621893814	OK	 
REQUEST	3		Page 2	1548621893570	1548621893863	OK	 
REQUEST	14		Page 0	1548621893679	1548621893963	OK	 
REQUEST	9		Page 1	1548621893864	1548621894114	OK	 
REQUEST	4		Page 2	1548621893833	1548621894118	OK	 
REQUEST	20		Select	1548621893892	1548621894155	OK	 
REQUEST	5		Page 2	1548621894067	1548621894290	OK	 
REQUEST	15		Page 0	1548621894174	1548621894419	OK	 
REQUEST	10		Page 1	1548621894191	1548621894487	OK	 
REQUEST	16		Page 0	1548621894446	1548621894706	OK	 
REQUEST	6		Page 2	1548621894523	1548621894929	OK	 
REQUEST	1		Page 3	1548621894569	1548621894935	OK	 
REQUEST	2		Page 3	1548621894726	1548621894982	OK	 
REQUEST	17		Page 0	1548621894747	1548621895047	OK	 
REQUEST	12		Page 1	1548621894741	1548621895049	OK	 
REQUEST	11		Page 1	1548621894748	1548621895089	OK	 
REQUEST	13		Page 1	1548621894825	1548621895135	OK	 
REQUEST	7		Page 2	1548621894818	1548621895215	OK	 
REQUEST	8		Page 2	1548621894842	1548621895245	OK	 
REQUEST	18		Page 0	1548621894841	1548621895248	OK	 
REQUEST	3		Page 3	1548621894932	1548621895280	OK	 
REQUEST	14		Page 1	1548621894983	1548621895295	OK	 
REQUEST	19		Page 0	1548621894843	1548621895299	OK	 
REQUEST	9		Page 2	1548621895106	1548621895361	OK	 
REQUEST	4		Page 3	1548621895136	1548621895443	OK	 
REQUEST	20		Page 0	1548621895203	1548621895476	OK	 
REQUEST	5		Page 3	1548621895292	1548621895538	OK	 
REQUEST	15		Page 1	1548621895423	1548621895675	OK	 
REQUEST	10		Page 2	1548621895493	1548621895752	OK	 
REQUEST	16		Page 1	1548621895710	1548621896014	OK	 
REQUEST	6		Page 3	1548621895946	1548621896202	OK	 
REQUEST	1		Page 4	1548621895975	1548621896235	OK	 
REQUEST	2		Page 4	1548621896015	1548621896264	OK	 
REQUEST	12		Page 2	1548621896037	1548621896368	OK	 
REQUEST	13		Page 2	1548621896159	1548621896486	OK	 
REQUEST	11		Page 2	1548621896098	1548621896488	OK	 
REQUEST	17		Page 1	1548621896061	1548621896506	OK	 
REQUEST	7		Page 3	1548621896262	1548621896583	OK	 
REQUEST	18		Page 1	1548621896295	1548621896611	OK	 
REQUEST	8		Page 3	1548621896302	1548621896641	OK	 
REQUEST	3		Page 4	1548621896303	1548621896662	OK	 
REQUEST	14		Page 2	1548621896366	1548621896691	OK	 
REQUEST	9		Page 3	1548621896378	1548621896708	OK	 
REQUEST	19		Page 1	1548621896377	1548621896743	OK	 
REQUEST	4		Page 4	1548621896473	1548621896748	OK	 
REQUEST	20		Page 1	1548621896518	1548621896770	OK	 
REQUEST	5		Page 4	1548621896585	1548621896900	OK	 
REQUEST	15		Page 2	1548621896690	1548621896977	OK	 
REQUEST	10		Page 3	1548621896768	1548621897018	OK	 
USER	Users	1	END	1548621885847	1548621897255
REQUEST	16		Page 2	1548621897020	1548621897283	OK	 
USER	Users	2	END	1548621886156	1548621897299
REQUEST	6		Page 4	1548621897207	1548621897456	OK	 
USER	Users	3	END	1548621886399	1548621897685
REQUEST	12		Page 3	1548621897427	1548621897698	OK	 
USER	Users	4	END	1548621886659	1548621897770
REQUEST	13		Page 3	1548621897507	1548621897838	OK	 
REQUEST	17		Page 2	1548621897533	1548621897870	OK	 
USER	Users	5	END	1548621886909	1548621897913
REQUEST	8		Page 4	1548621897646	1548621897917	OK	 
REQUEST	11		Page 3	1548621897543	1548621897920	OK	 
REQUEST	7		Page 4	1548621897611	1548621897930	OK	 
REQUEST	18		Page 2	1548621897647	1548621897938	OK	 
REQUEST	19		Page 2	1548621897735	1548621897966	OK	 
REQUEST	14		Page 3	1548621897746	1548621898055	OK	 
REQUEST	9		Page 4	1548621897791	1548621898100	OK	 
REQUEST	20		Page 2	1548621897792	1548621898105	OK	 
REQUEST	15		Page 3	1548621897983	1548621898234	OK	 
REQUEST	10		Page 4	1548621898027	1548621898292	OK	 
USER	Users	6	END	1548621887159	1548621898466
REQUEST	16		Page 3	1548621898302	1548621898565	OK	 
USER	Users	7	END	1548621887408	1548621898953
USER	Users	8	END	1548621887657	1548621898954
REQUEST	12		Page 4	1548621898696	1548621898958	OK	 
USER	Users	9	END	1548621887905	1548621899094
REQUEST	13		Page 4	1548621898881	1548621899137	OK	 
REQUEST	17		Page 3	1548621898892	1548621899158	OK	 
REQUEST	11		Page 4	1548621898916	1548621899238	OK	 
REQUEST	18		Page 3	1548621898961	1548621899248	OK	 
REQUEST	19		Page 3	1548621898968	1548621899271	OK	 
USER	Users	10	END	1548621888059	1548621899286
REQUEST	14		Page 4	1548621899083	1548621899331	OK	 
REQUEST	20		Page 3	1548621899110	1548621899370	OK	 
REQUEST	15		Page 4	1548621899249	1548621899500	OK	 
REQUEST	16		Page 4	1548621899567	1548621899825	OK	 
USER	Users	12	END	1548621888557	1548621899982
USER	Users	13	END	1548621888808	1548621900127
USER	Users	11	END	1548621888306	1548621900246
USER	Users	14	END	1548621889061	1548621900336
REQUEST	17		Page 4	1548621900157	1548621900414	OK	 
USER	Users	15	END	1548621889308	1548621900501
REQUEST	18		Page 4	1548621900248	1548621900500	OK	 
REQUEST	19		Page 4	1548621900277	1548621900521	OK	 
REQUEST	20		Page 4	1548621900371	1548621900606	OK	 
USER	Users	16	END	1548621889556	1548621900841
USER	Users	17	END	1548621889807	1548621901422
USER	Users	18	END	1548621890046	1548621901500
USER	Users	19	END	1548621890304	1548621901515
USER	Users	20	END	1548621890551	1548621901608
