RUN	ComputerDatabaseSimulation	computerdatabasesimulation	1548443202427	 	3.0.0-RC4
USER	Users	1	START	1548443205340	1548443205340
REQUEST	1		Home	1548443205377	1548443205751	OK	 
USER	Users	2	START	1548443205876	1548443205876
REQUEST	1		Home Redirect 1	1548443205766	1548443205959	OK	 
REQUEST	2		Home	1548443205877	1548443206237	OK	 
USER	Users	3	START	1548443206379	1548443206379
REQUEST	2		Home Redirect 1	1548443206238	1548443206427	OK	 
REQUEST	3		Home	1548443206380	1548443206743	OK	 
USER	Users	4	START	1548443206875	1548443206875
REQUEST	3		Home Redirect 1	1548443206744	1548443206933	OK	 
REQUEST	4		Home	1548443206878	1548443207252	OK	 
REQUEST	1		Search	1548443206995	1548443207190	OK	 
USER	Users	5	START	1548443207376	1548443207376
REQUEST	4		Home Redirect 1	1548443207257	1548443207441	OK	 
REQUEST	2		Search	1548443207446	1548443207653	OK	 
REQUEST	5		Home	1548443207377	1548443207758	OK	 
USER	Users	6	START	1548443207827	1548443207827
REQUEST	5		Home Redirect 1	1548443207760	1548443207980	OK	 
REQUEST	3		Search	1548443207948	1548443208160	OK	 
REQUEST	6		Home	1548443207829	1548443208207	OK	 
USER	Users	7	START	1548443208328	1548443208328
REQUEST	1		Select	1548443208188	1548443208379	OK	 
REQUEST	6		Home Redirect 1	1548443208210	1548443208410	OK	 
REQUEST	4		Search	1548443208448	1548443208629	OK	 
REQUEST	7		Home	1548443208329	1548443208701	OK	 
USER	Users	8	START	1548443208814	1548443208814
REQUEST	2		Select	1548443208659	1548443208841	OK	 
REQUEST	7		Home Redirect 1	1548443208703	1548443208898	OK	 
REQUEST	5		Search	1548443209000	1548443209197	OK	 
REQUEST	8		Home	1548443208815	1548443209211	OK	 
USER	Users	9	START	1548443209314	1548443209314
REQUEST	3		Select	1548443209165	1548443209376	OK	 
REQUEST	8		Home Redirect 1	1548443209213	1548443209420	OK	 
REQUEST	1		Page 0	1548443209388	1548443209599	OK	 
REQUEST	6		Search	1548443209429	1548443209628	OK	 
REQUEST	9		Home	1548443209315	1548443209670	OK	 
REQUEST	4		Select	1548443209635	1548443209824	OK	 
USER	Users	10	START	1548443209826	1548443209826
REQUEST	9		Home Redirect 1	1548443209672	1548443209854	OK	 
REQUEST	2		Page 0	1548443209837	1548443210039	OK	 
REQUEST	7		Search	1548443209921	1548443210111	OK	 
REQUEST	10		Home	1548443209826	1548443210219	OK	 
USER	Users	11	START	1548443210326	1548443210326
REQUEST	5		Select	1548443210195	1548443210411	OK	 
REQUEST	10		Home Redirect 1	1548443210220	1548443210414	OK	 
REQUEST	3		Page 0	1548443210385	1548443210570	OK	 
REQUEST	8		Search	1548443210439	1548443210649	OK	 
REQUEST	11		Home	1548443210326	1548443210708	OK	 
REQUEST	1		Page 1	1548443210595	1548443210784	OK	 
REQUEST	6		Select	1548443210626	1548443210815	OK	 
USER	Users	12	START	1548443210829	1548443210829
REQUEST	11		Home Redirect 1	1548443210709	1548443210906	OK	 
REQUEST	4		Page 0	1548443210829	1548443211089	OK	 
REQUEST	9		Search	1548443210865	1548443211096	OK	 
REQUEST	2		Page 1	1548443211050	1548443211267	OK	 
REQUEST	12		Home	1548443210830	1548443211301	OK	 
REQUEST	7		Select	1548443211107	1548443211307	OK	 
USER	Users	13	START	1548443211324	1548443211324
REQUEST	12		Home Redirect 1	1548443211305	1548443211502	OK	 
REQUEST	5		Page 0	1548443211415	1548443211617	OK	 
REQUEST	10		Search	1548443211436	1548443211642	OK	 
REQUEST	13		Home	1548443211325	1548443211698	OK	 
REQUEST	3		Page 1	1548443211567	1548443211775	OK	 
USER	Users	14	START	1548443211825	1548443211825
REQUEST	8		Select	1548443211649	1548443211852	OK	 
REQUEST	13		Home Redirect 1	1548443211700	1548443211924	OK	 
REQUEST	1		Page 2	1548443211789	1548443211978	OK	 
REQUEST	6		Page 0	1548443211815	1548443212033	OK	 
REQUEST	11		Search	1548443211926	1548443212124	OK	 
REQUEST	14		Home	1548443211829	1548443212193	OK	 
REQUEST	4		Page 1	1548443212095	1548443212279	OK	 
REQUEST	9		Select	1548443212105	1548443212306	OK	 
USER	Users	15	START	1548443212324	1548443212324
REQUEST	14		Home Redirect 1	1548443212194	1548443212381	OK	 
REQUEST	2		Page 2	1548443212282	1548443212472	OK	 
REQUEST	7		Page 0	1548443212311	1548443212502	OK	 
REQUEST	15		Home	1548443212328	1548443212737	OK	 
REQUEST	12		Search	1548443212555	1548443212757	OK	 
REQUEST	5		Page 1	1548443212629	1548443212831	OK	 
USER	Users	16	START	1548443212826	1548443212826
REQUEST	10		Select	1548443212650	1548443212853	OK	 
REQUEST	15		Home Redirect 1	1548443212738	1548443212949	OK	 
REQUEST	3		Page 2	1548443212775	1548443212970	OK	 
REQUEST	8		Page 0	1548443212858	1548443213053	OK	 
REQUEST	1		Page 3	1548443212978	1548443213193	OK	 
REQUEST	13		Search	1548443212939	1548443213191	OK	 
REQUEST	16		Home	1548443212828	1548443213202	OK	 
REQUEST	6		Page 1	1548443213034	1548443213222	OK	 
USER	Users	17	START	1548443213325	1548443213325
REQUEST	11		Select	1548443213126	1548443213348	OK	 
REQUEST	16		Home Redirect 1	1548443213203	1548443213401	OK	 
REQUEST	4		Page 2	1548443213290	1548443213481	OK	 
REQUEST	9		Page 0	1548443213307	1548443213502	OK	 
REQUEST	14		Search	1548443213403	1548443213618	OK	 
REQUEST	2		Page 3	1548443213467	1548443213657	OK	 
REQUEST	17		Home	1548443213326	1548443213701	OK	 
REQUEST	7		Page 1	1548443213513	1548443213705	OK	 
USER	Users	18	START	1548443213830	1548443213830
REQUEST	17		Home Redirect 1	1548443213704	1548443213903	OK	 
REQUEST	12		Select	1548443213756	1548443213952	OK	 
REQUEST	5		Page 2	1548443213832	1548443214059	OK	 
REQUEST	10		Page 0	1548443213846	1548443214062	OK	 
REQUEST	15		Search	1548443213965	1548443214162	OK	 
REQUEST	3		Page 3	1548443213981	1548443214178	OK	 
REQUEST	18		Home	1548443213831	1548443214211	OK	 
REQUEST	8		Page 1	1548443214065	1548443214273	OK	 
USER	Users	19	START	1548443214325	1548443214325
REQUEST	13		Select	1548443214194	1548443214398	OK	 
REQUEST	1		Page 4	1548443214211	1548443214431	OK	 
REQUEST	18		Home Redirect 1	1548443214224	1548443214434	OK	 
REQUEST	6		Page 2	1548443214235	1548443214454	OK	 
REQUEST	11		Page 0	1548443214346	1548443214542	OK	 
REQUEST	16		Search	1548443214436	1548443214642	OK	 
REQUEST	4		Page 3	1548443214478	1548443214671	OK	 
REQUEST	19		Home	1548443214326	1548443214698	OK	 
REQUEST	9		Page 1	1548443214520	1548443214716	OK	 
REQUEST	14		Select	1548443214619	1548443214805	OK	 
USER	Users	20	START	1548443214829	1548443214829
REQUEST	2		Page 4	1548443214668	1548443214857	OK	 
REQUEST	7		Page 2	1548443214715	1548443214906	OK	 
REQUEST	19		Home Redirect 1	1548443214700	1548443214909	OK	 
REQUEST	17		Search	1548443214916	1548443215144	OK	 
REQUEST	12		Page 0	1548443214958	1548443215172	OK	 
REQUEST	20		Home	1548443214829	1548443215205	OK	 
REQUEST	5		Page 3	1548443215056	1548443215252	OK	 
REQUEST	10		Page 1	1548443215056	1548443215257	OK	 
USER	Users	21	START	1548443215328	1548443215328
REQUEST	15		Select	1548443215178	1548443215426	OK	 
REQUEST	3		Page 4	1548443215179	1548443215445	OK	 
REQUEST	20		Home Redirect 1	1548443215205	1548443215450	OK	 
USER	Users	1	END	1548443205340	1548443215457
REQUEST	8		Page 2	1548443215266	1548443215483	OK	 
REQUEST	13		Page 0	1548443215417	1548443215637	OK	 
REQUEST	6		Page 3	1548443215464	1548443215696	OK	 
REQUEST	21		Home	1548443215328	1548443215718	OK	 
REQUEST	18		Search	1548443215464	1548443215717	OK	 
REQUEST	11		Page 1	1548443215549	1548443215738	OK	 
USER	Users	22	START	1548443215827	1548443215827
REQUEST	16		Select	1548443215649	1548443215860	OK	 
USER	Users	2	END	1548443205876	1548443215862
REQUEST	4		Page 4	1548443215691	1548443215893	OK	 
REQUEST	9		Page 2	1548443215718	1548443215903	OK	 
REQUEST	21		Home Redirect 1	1548443215719	1548443215924	OK	 
REQUEST	14		Page 0	1548443215807	1548443216015	OK	 
REQUEST	7		Page 3	1548443215921	1548443216108	OK	 
REQUEST	19		Search	1548443215935	1548443216139	OK	 
REQUEST	22		Home	1548443215828	1548443216216	OK	 
USER	Users	23	START	1548443216324	1548443216324
REQUEST	17		Select	1548443216158	1548443216362	OK	 
REQUEST	12		Page 1	1548443216176	1548443216380	OK	 
REQUEST	22		Home Redirect 1	1548443216217	1548443216415	OK	 
REQUEST	5		Page 4	1548443216246	1548443216458	OK	 
USER	Users	3	END	1548443206379	1548443216459
REQUEST	10		Page 2	1548443216268	1548443216497	OK	 
REQUEST	15		Page 0	1548443216440	1548443216661	OK	 
REQUEST	20		Search	1548443216465	1548443216687	OK	 
REQUEST	8		Page 3	1548443216487	1548443216691	OK	 
REQUEST	23		Home	1548443216325	1548443216707	OK	 
USER	Users	24	START	1548443216827	1548443216827
REQUEST	13		Page 1	1548443216655	1548443216844	OK	 
REQUEST	23		Home Redirect 1	1548443216708	1548443216898	OK	 
USER	Users	4	END	1548443206875	1548443216896
REQUEST	18		Select	1548443216727	1548443216935	OK	 
REQUEST	6		Page 4	1548443216728	1548443216936	OK	 
REQUEST	11		Page 2	1548443216751	1548443216942	OK	 
REQUEST	16		Page 0	1548443216859	1548443217066	OK	 
REQUEST	9		Page 3	1548443216905	1548443217101	OK	 
REQUEST	21		Search	1548443216958	1548443217166	OK	 
REQUEST	24		Home	1548443216827	1548443217189	OK	 
REQUEST	14		Page 1	1548443217026	1548443217216	OK	 
REQUEST	7		Page 4	1548443217100	1548443217293	OK	 
USER	Users	25	START	1548443217326	1548443217326
REQUEST	19		Select	1548443217150	1548443217354	OK	 
REQUEST	24		Home Redirect 1	1548443217191	1548443217383	OK	 
USER	Users	5	END	1548443207376	1548443217468
REQUEST	17		Page 0	1548443217359	1548443217563	OK	 
REQUEST	12		Page 2	1548443217385	1548443217589	OK	 
REQUEST	22		Search	1548443217426	1548443217630	OK	 
REQUEST	25		Home	1548443217327	1548443217714	OK	 
REQUEST	10		Page 3	1548443217540	1548443217739	OK	 
USER	Users	26	START	1548443217824	1548443217824
REQUEST	15		Page 1	1548443217680	1548443217879	OK	 
REQUEST	20		Select	1548443217686	1548443217899	OK	 
REQUEST	8		Page 4	1548443217686	1548443217917	OK	 
REQUEST	25		Home Redirect 1	1548443217715	1548443217930	OK	 
USER	Users	6	END	1548443207827	1548443217960
REQUEST	13		Page 2	1548443217838	1548443218046	OK	 
REQUEST	11		Page 3	1548443217961	1548443218352	OK	 
REQUEST	18		Page 0	1548443217959	1548443218355	OK	 
USER	Users	7	END	1548443208328	1548443218331
REQUEST	16		Page 1	1548443218068	1548443218394	OK	 
USER	Users	27	START	1548443218324	1548443218324
REQUEST	23		Search	1548443217941	1548443218315	OK	 
REQUEST	9		Page 4	1548443218123	1548443218417	OK	 
REQUEST	26		Home	1548443217825	1548443218452	OK	 
REQUEST	21		Select	1548443218198	1548443218492	OK	 
REQUEST	14		Page 2	1548443218308	1548443218530	OK	 
REQUEST	19		Page 0	1548443218405	1548443218631	OK	 
REQUEST	26		Home Redirect 1	1548443218454	1548443218668	OK	 
USER	Users	28	START	1548443218655	1548443218655
REQUEST	24		Search	1548443218415	1548443218659	OK	 
REQUEST	27		Home	1548443218357	1548443218783	OK	 
REQUEST	12		Page 3	1548443218591	1548443218810	OK	 
REQUEST	17		Page 1	1548443218565	1548443218813	OK	 
REQUEST	22		Select	1548443218656	1548443218874	OK	 
REQUEST	10		Page 4	1548443218745	1548443218942	OK	 
USER	Users	8	END	1548443208814	1548443218949
USER	Users	29	START	1548443218985	1548443218985
REQUEST	27		Home Redirect 1	1548443218792	1548443218992	OK	 
REQUEST	28		Home	1548443218661	1548443219034	OK	 
REQUEST	15		Page 2	1548443218898	1548443219115	OK	 
REQUEST	20		Page 0	1548443218908	1548443219122	OK	 
REQUEST	25		Search	1548443218960	1548443219168	OK	 
REQUEST	28		Home Redirect 1	1548443219035	1548443219221	OK	 
REQUEST	13		Page 3	1548443219045	1548443219255	OK	 
USER	Users	30	START	1548443219318	1548443219318
USER	Users	9	END	1548443209314	1548443219412
USER	Users	31	START	1548443219656	1548443219656
REQUEST	14		Page 3	1548443219529	1548443219883	OK	 
REQUEST	23		Select	1548443219344	1548443219884	OK	 
REQUEST	21		Page 0	1548443219497	1548443219894	OK	 
REQUEST	18		Page 1	1548443219400	1548443219899	OK	 
REQUEST	19		Page 1	1548443219626	1548443219900	OK	 
REQUEST	24		Select	1548443219667	1548443219911	OK	 
REQUEST	11		Page 4	1548443219399	1548443219923	OK	 
REQUEST	29		Home	1548443218989	1548443219925	OK	 
REQUEST	26		Search	1548443219688	1548443219924	OK	 
REQUEST	16		Page 2	1548443219412	1548443219928	OK	 
USER	Users	10	END	1548443209826	1548443219948
USER	Users	32	START	1548443219984	1548443219984
REQUEST	12		Page 4	1548443219817	1548443220061	OK	 
REQUEST	17		Page 2	1548443219817	1548443220062	OK	 
REQUEST	30		Home	1548443219319	1548443220062	OK	 
REQUEST	22		Page 0	1548443219885	1548443220088	OK	 
REQUEST	31		Home	1548443219657	1548443220104	OK	 
REQUEST	29		Home Redirect 1	1548443219930	1548443220158	OK	 
REQUEST	27		Search	1548443220006	1548443220219	OK	 
REQUEST	30		Home Redirect 1	1548443220063	1548443220244	OK	 
REQUEST	31		Home Redirect 1	1548443220105	1548443220308	OK	 
USER	Users	33	START	1548443220314	1548443220314
REQUEST	15		Page 3	1548443220118	1548443220329	OK	 
REQUEST	20		Page 1	1548443220141	1548443220351	OK	 
REQUEST	32		Home	1548443219985	1548443220383	OK	 
REQUEST	25		Select	1548443220180	1548443220402	OK	 
REQUEST	28		Search	1548443220226	1548443220429	OK	 
REQUEST	13		Page 4	1548443220269	1548443220460	OK	 
REQUEST	32		Home Redirect 1	1548443220396	1548443220588	OK	 
USER	Users	34	START	1548443220657	1548443220657
REQUEST	33		Home	1548443220323	1548443220684	OK	 
REQUEST	33		Home Redirect 1	1548443220684	1548443220880	OK	 
USER	Users	11	END	1548443210326	1548443220964
USER	Users	35	START	1548443220997	1548443220997
REQUEST	34		Home	1548443220658	1548443221040	OK	 
USER	Users	12	END	1548443210829	1548443221067
REQUEST	23		Page 0	1548443220896	1548443221083	OK	 
REQUEST	14		Page 4	1548443220909	1548443221122	OK	 
REQUEST	19		Page 2	1548443220954	1548443221150	OK	 
REQUEST	21		Page 1	1548443220921	1548443221151	OK	 
REQUEST	18		Page 2	1548443220929	1548443221169	OK	 
REQUEST	26		Select	1548443220965	1548443221195	OK	 
REQUEST	24		Page 0	1548443220959	1548443221196	OK	 
REQUEST	16		Page 3	1548443220965	1548443221209	OK	 
REQUEST	34		Home Redirect 1	1548443221041	1548443221236	OK	 
REQUEST	17		Page 3	1548443221068	1548443221274	OK	 
REQUEST	22		Page 1	1548443221097	1548443221296	OK	 
USER	Users	36	START	1548443221324	1548443221324
REQUEST	35		Home	1548443221012	1548443221369	OK	 
REQUEST	27		Select	1548443221220	1548443221409	OK	 
REQUEST	29		Search	1548443221185	1548443221410	OK	 
USER	Users	13	END	1548443211324	1548443221444
REQUEST	30		Search	1548443221266	1548443221463	OK	 
REQUEST	15		Page 4	1548443221325	1548443221574	OK	 
REQUEST	20		Page 2	1548443221346	1548443221578	OK	 
REQUEST	35		Home Redirect 1	1548443221369	1548443221581	OK	 
REQUEST	31		Search	1548443221326	1548443221591	OK	 
REQUEST	25		Page 0	1548443221411	1548443221623	OK	 
REQUEST	28		Select	1548443221445	1548443221639	OK	 
USER	Users	37	START	1548443221657	1548443221657
REQUEST	36		Home	1548443221324	1548443221732	OK	 
REQUEST	32		Search	1548443221598	1548443221798	OK	 
REQUEST	36		Home Redirect 1	1548443221732	1548443221916	OK	 
USER	Users	38	START	1548443221994	1548443221994
REQUEST	37		Home	1548443221658	1548443222021	OK	 
REQUEST	33		Search	1548443221888	1548443222073	OK	 
USER	Users	14	END	1548443211825	1548443222115
REQUEST	37		Home Redirect 1	1548443222022	1548443222246	OK	 
REQUEST	23		Page 1	1548443222078	1548443222289	OK	 
USER	Users	39	START	1548443222327	1548443222327
REQUEST	19		Page 3	1548443222146	1548443222350	OK	 
REQUEST	21		Page 2	1548443222160	1548443222363	OK	 
REQUEST	38		Home	1548443221994	1548443222395	OK	 
REQUEST	18		Page 3	1548443222177	1548443222397	OK	 
REQUEST	26		Page 0	1548443222220	1548443222461	OK	 
REQUEST	24		Page 1	1548443222221	1548443222463	OK	 
REQUEST	16		Page 4	1548443222226	1548443222479	OK	 
REQUEST	34		Search	1548443222261	1548443222483	OK	 
REQUEST	17		Page 4	1548443222279	1548443222521	OK	 
REQUEST	22		Page 2	1548443222296	1548443222561	OK	 
USER	Users	40	START	1548443222577	1548443222577
USER	Users	15	END	1548443212324	1548443222589
REQUEST	38		Home Redirect 1	1548443222400	1548443222630	OK	 
REQUEST	29		Select	1548443222415	1548443222675	OK	 
REQUEST	27		Page 0	1548443222415	1548443222686	OK	 
REQUEST	30		Select	1548443222480	1548443222710	OK	 
REQUEST	39		Home	1548443222327	1548443222730	OK	 
REQUEST	31		Select	1548443222607	1548443222839	OK	 
REQUEST	20		Page 3	1548443222606	1548443222840	OK	 
USER	Users	41	START	1548443222825	1548443222825
REQUEST	35		Search	1548443222610	1548443222860	OK	 
REQUEST	28		Page 0	1548443222673	1548443222903	OK	 
REQUEST	25		Page 1	1548443222661	1548443222902	OK	 
REQUEST	39		Home Redirect 1	1548443222732	1548443222963	OK	 
REQUEST	40		Home	1548443222578	1548443222964	OK	 
REQUEST	32		Select	1548443222831	1548443223050	OK	 
USER	Users	42	START	1548443223075	1548443223075
REQUEST	36		Search	1548443222930	1548443223129	OK	 
REQUEST	40		Home Redirect 1	1548443222965	1548443223175	OK	 
REQUEST	41		Home	1548443222837	1548443223203	OK	 
REQUEST	33		Select	1548443223086	1548443223299	OK	 
USER	Users	43	START	1548443223329	1548443223329
REQUEST	41		Home Redirect 1	1548443223205	1548443223409	OK	 
REQUEST	42		Home	1548443223075	1548443223466	OK	 
REQUEST	23		Page 2	1548443223298	1548443223522	OK	 
REQUEST	37		Search	1548443223273	1548443223493	OK	 
USER	Users	16	END	1548443212826	1548443223502
REQUEST	19		Page 4	1548443223345	1548443223554	OK	 
REQUEST	21		Page 3	1548443223356	1548443223569	OK	 
USER	Users	17	END	1548443213325	1548443223570
USER	Users	44	START	1548443223578	1548443223578
REQUEST	18		Page 4	1548443223385	1548443223596	OK	 
REQUEST	24		Page 2	1548443223462	1548443223657	OK	 
REQUEST	42		Home Redirect 1	1548443223482	1548443223685	OK	 
REQUEST	43		Home	1548443223330	1548443223737	OK	 
REQUEST	26		Page 1	1548443223484	1548443223740	OK	 
REQUEST	34		Select	1548443223538	1548443223795	OK	 
REQUEST	22		Page 3	1548443223571	1548443223817	OK	 
USER	Users	45	START	1548443223824	1548443223824
REQUEST	29		Page 0	1548443223694	1548443223955	OK	 
REQUEST	38		Search	1548443223681	1548443223951	OK	 
REQUEST	43		Home Redirect 1	1548443223741	1548443223968	OK	 
REQUEST	30		Page 0	1548443223716	1548443223989	OK	 
REQUEST	27		Page 1	1548443223725	1548443224000	OK	 
REQUEST	44		Home	1548443223589	1548443224025	OK	 
REQUEST	31		Page 0	1548443223856	1548443224074	OK	 
REQUEST	20		Page 4	1548443223856	1548443224097	OK	 
USER	Users	46	START	1548443224075	1548443224075
REQUEST	35		Select	1548443223878	1548443224102	OK	 
REQUEST	25		Page 2	1548443223915	1548443224133	OK	 
REQUEST	28		Page 1	1548443223916	1548443224164	OK	 
REQUEST	39		Search	1548443223987	1548443224212	OK	 
REQUEST	45		Home	1548443223825	1548443224224	OK	 
REQUEST	44		Home Redirect 1	1548443224045	1548443224254	OK	 
REQUEST	32		Page 0	1548443224047	1548443224266	OK	 
USER	Users	47	START	1548443224324	1548443224324
REQUEST	36		Select	1548443224138	1548443224334	OK	 
REQUEST	40		Search	1548443224196	1548443224391	OK	 
REQUEST	45		Home Redirect 1	1548443224225	1548443224421	OK	 
REQUEST	46		Home	1548443224094	1548443224472	OK	 
REQUEST	33		Page 0	1548443224305	1548443224495	OK	 
USER	Users	19	END	1548443214325	1548443224559
USER	Users	48	START	1548443224574	1548443224574
USER	Users	18	END	1548443213830	1548443224617
REQUEST	41		Search	1548443224427	1548443224627	OK	 
REQUEST	46		Home Redirect 1	1548443224472	1548443224652	OK	 
REQUEST	37		Select	1548443224516	1548443224697	OK	 
REQUEST	47		Home	1548443224329	1548443224698	OK	 
REQUEST	23		Page 3	1548443224527	1548443224700	OK	 
REQUEST	21		Page 4	1548443224575	1548443224769	OK	 
USER	Users	49	START	1548443224827	1548443224827
REQUEST	24		Page 3	1548443224670	1548443224856	OK	 
REQUEST	42		Search	1548443224705	1548443224877	OK	 
REQUEST	47		Home Redirect 1	1548443224698	1548443224881	OK	 
REQUEST	26		Page 2	1548443224737	1548443224911	OK	 
REQUEST	48		Home	1548443224574	1548443224925	OK	 
REQUEST	22		Page 4	1548443224806	1548443224978	OK	 
REQUEST	34		Page 0	1548443224818	1548443224998	OK	 
USER	Users	50	START	1548443225077	1548443225077
REQUEST	48		Home Redirect 1	1548443224926	1548443225098	OK	 
USER	Users	20	END	1548443214829	1548443225099
REQUEST	38		Select	1548443224957	1548443225147	OK	 
REQUEST	29		Page 1	1548443224967	1548443225157	OK	 
REQUEST	43		Search	1548443224988	1548443225180	OK	 
REQUEST	30		Page 1	1548443225014	1548443225184	OK	 
REQUEST	49		Home	1548443224828	1548443225191	OK	 
REQUEST	27		Page 2	1548443225036	1548443225209	OK	 
REQUEST	31		Page 1	1548443225088	1548443225269	OK	 
REQUEST	35		Page 0	1548443225109	1548443225289	OK	 
REQUEST	25		Page 3	1548443225135	1548443225317	OK	 
USER	Users	51	START	1548443225328	1548443225328
REQUEST	28		Page 2	1548443225156	1548443225340	OK	 
REQUEST	49		Home Redirect 1	1548443225191	1548443225369	OK	 
REQUEST	39		Select	1548443225219	1548443225409	OK	 
REQUEST	50		Home	1548443225078	1548443225418	OK	 
REQUEST	44		Search	1548443225264	1548443225449	OK	 
REQUEST	32		Page 1	1548443225277	1548443225464	OK	 
REQUEST	36		Page 0	1548443225350	1548443225521	OK	 
REQUEST	40		Select	1548443225397	1548443225577	OK	 
USER	Users	52	START	1548443225580	1548443225580
REQUEST	50		Home Redirect 1	1548443225418	1548443225589	OK	 
REQUEST	45		Search	1548443225438	1548443225625	OK	 
REQUEST	33		Page 1	1548443225506	1548443225680	OK	 
REQUEST	51		Home	1548443225328	1548443225700	OK	 
USER	Users	21	END	1548443215328	1548443225777
REQUEST	41		Select	1548443225636	1548443225824	OK	 
USER	Users	53	START	1548443225830	1548443225830
REQUEST	46		Search	1548443225668	1548443225848	OK	 
REQUEST	37		Page 0	1548443225705	1548443225891	OK	 
REQUEST	23		Page 4	1548443225705	1548443225891	OK	 
REQUEST	51		Home Redirect 1	1548443225701	1548443225900	OK	 
REQUEST	52		Home	1548443225580	1548443225945	OK	 
USER	Users	22	END	1548443215827	1548443225984
REQUEST	24		Page 4	1548443225855	1548443226031	OK	 
REQUEST	42		Select	1548443225877	1548443226055	OK	 
REQUEST	47		Search	1548443225887	1548443226070	OK	 
USER	Users	54	START	1548443226074	1548443226074
REQUEST	26		Page 3	1548443225919	1548443226107	OK	 
REQUEST	52		Home Redirect 1	1548443225945	1548443226129	OK	 
REQUEST	34		Page 1	1548443225995	1548443226173	OK	 
REQUEST	53		Home	1548443225832	1548443226183	OK	 
REQUEST	48		Search	1548443226116	1548443226287	OK	 
USER	Users	55	START	1548443226326	1548443226326
REQUEST	38		Page 0	1548443226159	1548443226340	OK	 
REQUEST	29		Page 2	1548443226160	1548443226342	OK	 
REQUEST	43		Select	1548443226187	1548443226369	OK	 
REQUEST	53		Home Redirect 1	1548443226187	1548443226369	OK	 
REQUEST	30		Page 2	1548443226197	1548443226379	OK	 
REQUEST	27		Page 3	1548443226208	1548443226381	OK	 
REQUEST	54		Home	1548443226075	1548443226434	OK	 
REQUEST	31		Page 2	1548443226275	1548443226456	OK	 
REQUEST	35		Page 1	1548443226287	1548443226466	OK	 
REQUEST	25		Page 4	1548443226319	1548443226502	OK	 
REQUEST	28		Page 3	1548443226348	1548443226540	OK	 
USER	Users	56	START	1548443226566	1548443226566
REQUEST	49		Search	1548443226390	1548443226570	OK	 
REQUEST	39		Page 0	1548443226404	1548443226588	OK	 
REQUEST	54		Home Redirect 1	1548443226435	1548443226618	OK	 
REQUEST	44		Select	1548443226457	1548443226652	OK	 
REQUEST	32		Page 2	1548443226467	1548443226658	OK	 
REQUEST	55		Home	1548443226327	1548443226684	OK	 
REQUEST	36		Page 1	1548443226510	1548443226691	OK	 
REQUEST	40		Page 0	1548443226567	1548443226753	OK	 
REQUEST	50		Search	1548443226599	1548443226770	OK	 
REQUEST	45		Select	1548443226635	1548443226814	OK	 
USER	Users	57	START	1548443226814	1548443226814
REQUEST	33		Page 2	1548443226678	1548443226871	OK	 
REQUEST	55		Home Redirect 1	1548443226684	1548443226876	OK	 
USER	Users	23	END	1548443216324	1548443226891
REQUEST	56		Home	1548443226568	1548443226936	OK	 
REQUEST	41		Page 0	1548443226815	1548443226995	OK	 
USER	Users	24	END	1548443216827	1548443227030
REQUEST	46		Select	1548443226859	1548443227039	OK	 
USER	Users	58	START	1548443227065	1548443227065
REQUEST	37		Page 1	1548443226891	1548443227067	OK	 
REQUEST	51		Search	1548443226915	1548443227101	OK	 
REQUEST	56		Home Redirect 1	1548443226936	1548443227118	OK	 
REQUEST	57		Home	1548443226815	1548443227180	OK	 
REQUEST	42		Page 0	1548443227054	1548443227229	OK	 
REQUEST	47		Select	1548443227075	1548443227260	OK	 
REQUEST	26		Page 4	1548443227107	1548443227286	OK	 
USER	Users	59	START	1548443227314	1548443227314
REQUEST	52		Search	1548443227149	1548443227340	OK	 
REQUEST	57		Home Redirect 1	1548443227180	1548443227361	OK	 
REQUEST	34		Page 2	1548443227184	1548443227362	OK	 
REQUEST	58		Home	1548443227065	1548443227429	OK	 
REQUEST	48		Select	1548443227299	1548443227469	OK	 
REQUEST	38		Page 1	1548443227325	1548443227506	OK	 
USER	Users	25	END	1548443217326	1548443227507
REQUEST	29		Page 3	1548443227338	1548443227537	OK	 
REQUEST	43		Page 0	1548443227368	1548443227550	OK	 
REQUEST	27		Page 4	1548443227378	1548443227555	OK	 
REQUEST	30		Page 3	1548443227389	1548443227572	OK	 
USER	Users	60	START	1548443227574	1548443227574
REQUEST	53		Search	1548443227389	1548443227576	OK	 
REQUEST	58		Home Redirect 1	1548443227430	1548443227617	OK	 
REQUEST	31		Page 3	1548443227455	1548443227638	OK	 
REQUEST	35		Page 2	1548443227476	1548443227649	OK	 
REQUEST	59		Home	1548443227314	1548443227679	OK	 
REQUEST	28		Page 4	1548443227549	1548443227730	OK	 
REQUEST	49		Select	1548443227564	1548443227746	OK	 
REQUEST	39		Page 1	1548443227595	1548443227803	OK	 
USER	Users	61	START	1548443227825	1548443227825
REQUEST	54		Search	1548443227638	1548443227825	OK	 
REQUEST	44		Page 0	1548443227658	1548443227839	OK	 
REQUEST	32		Page 3	1548443227669	1548443227852	OK	 
REQUEST	59		Home Redirect 1	1548443227680	1548443227862	OK	 
REQUEST	36		Page 2	1548443227690	1548443227862	OK	 
REQUEST	60		Home	1548443227574	1548443227909	OK	 
REQUEST	40		Page 1	1548443227758	1548443227939	OK	 
REQUEST	50		Select	1548443227780	1548443227952	OK	 
REQUEST	45		Page 0	1548443227815	1548443228001	OK	 
REQUEST	33		Page 3	1548443227867	1548443228039	OK	 
REQUEST	55		Search	1548443227889	1548443228069	OK	 
USER	Users	62	START	1548443228076	1548443228076
REQUEST	60		Home Redirect 1	1548443227909	1548443228080	OK	 
REQUEST	41		Page 1	1548443227995	1548443228177	OK	 
REQUEST	61		Home	1548443227825	1548443228188	OK	 
REQUEST	46		Page 0	1548443228028	1548443228216	OK	 
REQUEST	37		Page 2	1548443228066	1548443228250	OK	 
USER	Users	26	END	1548443217824	1548443228274
REQUEST	51		Select	1548443228108	1548443228292	OK	 
REQUEST	56		Search	1548443228139	1548443228325	OK	 
USER	Users	63	START	1548443228326	1548443228326
REQUEST	61		Home Redirect 1	1548443228189	1548443228370	OK	 
REQUEST	42		Page 1	1548443228238	1548443228421	OK	 
REQUEST	62		Home	1548443228077	1548443228421	OK	 
REQUEST	47		Page 0	1548443228270	1548443228458	OK	 
REQUEST	52		Select	1548443228348	1548443228539	OK	 
REQUEST	34		Page 3	1548443228359	1548443228539	OK	 
USER	Users	27	END	1548443218324	1548443228554
REQUEST	57		Search	1548443228374	1548443228555	OK	 
USER	Users	64	START	1548443228575	1548443228575
REQUEST	62		Home Redirect 1	1548443228422	1548443228604	OK	 
REQUEST	48		Page 0	1548443228470	1548443228651	OK	 
REQUEST	63		Home	1548443228326	1548443228684	OK	 
REQUEST	38		Page 2	1548443228517	1548443228695	OK	 
REQUEST	30		Page 4	1548443228555	1548443228724	OK	 
USER	Users	28	END	1548443218655	1548443228726
REQUEST	43		Page 1	1548443228550	1548443228726	OK	 
REQUEST	29		Page 4	1548443228550	1548443228736	OK	 
REQUEST	53		Select	1548443228575	1548443228757	OK	 
REQUEST	35		Page 3	1548443228649	1548443228829	OK	 
USER	Users	65	START	1548443228825	1548443228825
REQUEST	31		Page 4	1548443228649	1548443228852	OK	 
REQUEST	58		Search	1548443228638	1548443228852	OK	 
REQUEST	63		Home Redirect 1	1548443228684	1548443228871	OK	 
REQUEST	64		Home	1548443228575	1548443228923	OK	 
REQUEST	49		Page 0	1548443228748	1548443228937	OK	 
REQUEST	39		Page 2	1548443228801	1548443228988	OK	 
REQUEST	54		Select	1548443228831	1548443229021	OK	 
REQUEST	44		Page 1	1548443228848	1548443229035	OK	 
REQUEST	32		Page 4	1548443228852	1548443229041	OK	 
REQUEST	36		Page 3	1548443228865	1548443229041	OK	 
USER	Users	66	START	1548443229074	1548443229074
REQUEST	59		Search	1548443228875	1548443229074	OK	 
REQUEST	64		Home Redirect 1	1548443228924	1548443229095	OK	 
REQUEST	40		Page 2	1548443228938	1548443229118	OK	 
REQUEST	50		Page 0	1548443228950	1548443229121	OK	 
REQUEST	65		Home	1548443228832	1548443229173	OK	 
REQUEST	45		Page 1	1548443228998	1548443229180	OK	 
REQUEST	33		Page 4	1548443229047	1548443229220	OK	 
REQUEST	55		Select	1548443229074	1548443229256	OK	 
REQUEST	60		Search	1548443229095	1548443229267	OK	 
USER	Users	67	START	1548443229329	1548443229329
REQUEST	65		Home Redirect 1	1548443229173	1548443229353	OK	 
REQUEST	41		Page 2	1548443229177	1548443229358	OK	 
REQUEST	46		Page 1	1548443229224	1548443229415	OK	 
REQUEST	37		Page 3	1548443229257	1548443229437	OK	 
REQUEST	66		Home	1548443229074	1548443229447	OK	 
REQUEST	51		Page 0	1548443229288	1548443229470	OK	 
REQUEST	56		Select	1548443229334	1548443229516	OK	 
REQUEST	61		Search	1548443229376	1548443229567	OK	 
USER	Users	68	START	1548443229574	1548443229574
REQUEST	42		Page 2	1548443229428	1548443229599	OK	 
REQUEST	47		Page 1	1548443229449	1548443229641	OK	 
REQUEST	66		Home Redirect 1	1548443229447	1548443229641	OK	 
REQUEST	67		Home	1548443229330	1548443229680	OK	 
REQUEST	34		Page 4	1548443229539	1548443229716	OK	 
REQUEST	52		Page 0	1548443229538	1548443229721	OK	 
USER	Users	29	END	1548443218985	1548443229736
USER	Users	30	END	1548443219318	1548443229736
REQUEST	57		Select	1548443229559	1548443229738	OK	 
REQUEST	62		Search	1548443229614	1548443229787	OK	 
REQUEST	48		Page 1	1548443229646	1548443229817	OK	 
USER	Users	69	START	1548443229827	1548443229827
USER	Users	31	END	1548443219656	1548443229837
REQUEST	67		Home Redirect 1	1548443229680	1548443229858	OK	 
REQUEST	38		Page 3	1548443229690	1548443229880	OK	 
REQUEST	43		Page 2	1548443229727	1548443229903	OK	 
REQUEST	68		Home	1548443229574	1548443229920	OK	 
REQUEST	53		Page 0	1548443229758	1548443229935	OK	 
REQUEST	35		Page 4	1548443229827	1548443230005	OK	 
USER	Users	32	END	1548443219984	1548443230034
REQUEST	58		Select	1548443229855	1548443230039	OK	 
REQUEST	63		Search	1548443229889	1548443230073	OK	 
USER	Users	70	START	1548443230076	1548443230076
REQUEST	68		Home Redirect 1	1548443229920	1548443230093	OK	 
REQUEST	49		Page 1	1548443229935	1548443230117	OK	 
REQUEST	69		Home	1548443229827	1548443230170	OK	 
REQUEST	39		Page 3	1548443229988	1548443230170	OK	 
REQUEST	36		Page 4	1548443230034	1548443230206	OK	 
REQUEST	54		Page 0	1548443230024	1548443230209	OK	 
USER	Users	33	END	1548443220314	1548443230217
REQUEST	44		Page 2	1548443230046	1548443230228	OK	 
REQUEST	59		Select	1548443230076	1548443230253	OK	 
REQUEST	64		Search	1548443230118	1548443230288	OK	 
REQUEST	50		Page 1	1548443230128	1548443230312	OK	 
REQUEST	40		Page 3	1548443230129	1548443230319	OK	 
USER	Users	71	START	1548443230328	1548443230328
REQUEST	69		Home Redirect 1	1548443230170	1548443230347	OK	 
REQUEST	45		Page 2	1548443230186	1548443230364	OK	 
REQUEST	70		Home	1548443230076	1548443230413	OK	 
REQUEST	60		Select	1548443230276	1548443230452	OK	 
REQUEST	55		Page 0	1548443230266	1548443230452	OK	 
REQUEST	65		Search	1548443230364	1548443230544	OK	 
REQUEST	41		Page 3	1548443230364	1548443230548	OK	 
USER	Users	72	START	1548443230574	1548443230574
REQUEST	70		Home Redirect 1	1548443230414	1548443230586	OK	 
REQUEST	46		Page 2	1548443230406	1548443230587	OK	 
REQUEST	37		Page 4	1548443230428	1548443230608	OK	 
REQUEST	51		Page 1	1548443230474	1548443230658	OK	 
REQUEST	71		Home	1548443230328	1548443230694	OK	 
REQUEST	56		Page 0	1548443230516	1548443230697	OK	 
USER	Users	34	END	1548443220657	1548443230714
REQUEST	61		Select	1548443230574	1548443230761	OK	 
REQUEST	42		Page 3	1548443230596	1548443230772	OK	 
USER	Users	73	START	1548443230827	1548443230827
REQUEST	66		Search	1548443230658	1548443230861	OK	 
REQUEST	71		Home Redirect 1	1548443230694	1548443230882	OK	 
REQUEST	52		Page 1	1548443230716	1548443230901	OK	 
REQUEST	72		Home	1548443230574	1548443230941	OK	 
REQUEST	57		Page 0	1548443230745	1548443230943	OK	 
REQUEST	62		Select	1548443230797	1548443230974	OK	 
USER	Users	35	END	1548443220997	1548443230997
REQUEST	48		Page 2	1548443230817	1548443230998	OK	 
REQUEST	67		Search	1548443230875	1548443231061	OK	 
REQUEST	38		Page 4	1548443230885	1548443231065	OK	 
REQUEST	43		Page 3	1548443230896	1548443231075	OK	 
USER	Users	74	START	1548443231074	1548443231074
REQUEST	53		Page 1	1548443230939	1548443231122	OK	 
REQUEST	72		Home Redirect 1	1548443230945	1548443231132	OK	 
REQUEST	73		Home	1548443230828	1548443231168	OK	 
USER	Users	36	END	1548443221324	1548443231215
REQUEST	58		Page 0	1548443231038	1548443231222	OK	 
REQUEST	63		Select	1548443231076	1548443231260	OK	 
REQUEST	68		Search	1548443231106	1548443231277	OK	 
REQUEST	49		Page 2	1548443231118	1548443231304	OK	 
USER	Users	75	START	1548443231325	1548443231325
REQUEST	73		Home Redirect 1	1548443231168	1548443231342	OK	 
REQUEST	39		Page 4	1548443231169	1548443231353	OK	 
REQUEST	54		Page 1	1548443231205	1548443231389	OK	 
REQUEST	44		Page 3	1548443231226	1548443231410	OK	 
REQUEST	74		Home	1548443231075	1548443231414	OK	 
REQUEST	59		Page 0	1548443231268	1548443231452	OK	 
REQUEST	64		Select	1548443231284	1548443231455	OK	 
REQUEST	50		Page 2	1548443231304	1548443231478	OK	 
REQUEST	40		Page 4	1548443231314	1548443231508	OK	 
REQUEST	45		Page 3	1548443231356	1548443231545	OK	 
REQUEST	69		Search	1548443231368	1548443231547	OK	 
USER	Users	76	START	1548443231574	1548443231574
REQUEST	74		Home Redirect 1	1548443231415	1548443231590	OK	 
REQUEST	60		Page 0	1548443231436	1548443231610	OK	 
USER	Users	37	END	1548443221657	1548443231615
REQUEST	55		Page 1	1548443231436	1548443231622	OK	 
REQUEST	47		Page 2	1548443230648	1548443231623	OK	 
REQUEST	75		Home	1548443231327	1548443231698	OK	 
REQUEST	65		Select	1548443231554	1548443231733	OK	 
REQUEST	41		Page 4	1548443231555	1548443231737	OK	 
REQUEST	46		Page 3	1548443231594	1548443231774	OK	 
REQUEST	70		Search	1548443231605	1548443231788	OK	 
USER	Users	77	START	1548443231824	1548443231824
REQUEST	51		Page 2	1548443231658	1548443231846	OK	 
REQUEST	56		Page 1	1548443231685	1548443231878	OK	 
REQUEST	75		Home Redirect 1	1548443231699	1548443231884	OK	 
REQUEST	76		Home	1548443231574	1548443231925	OK	 
REQUEST	42		Page 4	1548443231768	1548443231948	OK	 
REQUEST	61		Page 0	1548443231785	1548443231972	OK	 
USER	Users	38	END	1548443221994	1548443232059
REQUEST	66		Select	1548443231856	1548443232059	OK	 
USER	Users	78	START	1548443232074	1548443232074
REQUEST	71		Search	1548443231898	1548443232084	OK	 
REQUEST	52		Page 2	1548443231911	1548443232105	OK	 
REQUEST	76		Home Redirect 1	1548443231925	1548443232108	OK	 
REQUEST	57		Page 1	1548443231940	1548443232140	OK	 
REQUEST	62		Page 0	1548443231985	1548443232162	OK	 
REQUEST	48		Page 3	1548443231996	1548443232172	OK	 
REQUEST	77		Home	1548443231825	1548443232187	OK	 
REQUEST	67		Select	1548443232059	1548443232244	OK	 
REQUEST	43		Page 4	1548443232084	1548443232259	OK	 
REQUEST	53		Page 2	1548443232116	1548443232300	OK	 
USER	Users	79	START	1548443232325	1548443232325
REQUEST	72		Search	1548443232146	1548443232330	OK	 
USER	Users	39	END	1548443222327	1548443232347
REQUEST	77		Home Redirect 1	1548443232188	1548443232370	OK	 
REQUEST	58		Page 1	1548443232214	1548443232396	OK	 
REQUEST	78		Home	1548443232074	1548443232434	OK	 
REQUEST	63		Page 0	1548443232268	1548443232449	OK	 
REQUEST	68		Select	1548443232278	1548443232463	OK	 
USER	Users	40	END	1548443222577	1548443232504
REQUEST	49		Page 3	1548443232314	1548443232508	OK	 
REQUEST	73		Search	1548443232358	1548443232530	OK	 
USER	Users	80	START	1548443232567	1548443232567
REQUEST	54		Page 2	1548443232389	1548443232572	OK	 
REQUEST	44		Page 4	1548443232404	1548443232600	OK	 
REQUEST	78		Home Redirect 1	1548443232434	1548443232625	OK	 
REQUEST	59		Page 1	1548443232445	1548443232642	OK	 
REQUEST	64		Page 0	1548443232467	1548443232656	OK	 
REQUEST	50		Page 3	1548443232489	1548443232668	OK	 
REQUEST	79		Home	1548443232325	1548443232696	OK	 
REQUEST	69		Select	1548443232546	1548443232717	OK	 
REQUEST	45		Page 4	1548443232546	1548443232728	OK	 
USER	Users	41	END	1548443222825	1548443232734
REQUEST	74		Search	1548443232610	1548443232782	OK	 
REQUEST	60		Page 1	1548443232624	1548443232798	OK	 
REQUEST	47		Page 3	1548443232624	1548443232809	OK	 
REQUEST	55		Page 2	1548443232635	1548443232819	OK	 
USER	Users	81	START	1548443232824	1548443232824
REQUEST	79		Home Redirect 1	1548443232696	1548443232880	OK	 
REQUEST	65		Page 0	1548443232734	1548443232905	OK	 
REQUEST	80		Home	1548443232567	1548443232927	OK	 
USER	Users	42	END	1548443223075	1548443232944
REQUEST	46		Page 4	1548443232767	1548443232949	OK	 
REQUEST	70		Select	1548443232789	1548443232968	OK	 
REQUEST	51		Page 3	1548443232846	1548443233029	OK	 
USER	Users	82	START	1548443233074	1548443233074
REQUEST	56		Page 2	1548443232887	1548443233084	OK	 
REQUEST	75		Search	1548443232898	1548443233091	OK	 
REQUEST	80		Home Redirect 1	1548443232928	1548443233112	OK	 
REQUEST	61		Page 1	1548443232965	1548443233148	OK	 
REQUEST	81		Home	1548443232824	1548443233161	OK	 
REQUEST	66		Page 0	1548443233054	1548443233243	OK	 
USER	Users	43	END	1548443223329	1548443233267
REQUEST	71		Select	1548443233095	1548443233283	OK	 
REQUEST	52		Page 3	1548443233106	1548443233288	OK	 
REQUEST	76		Search	1548443233127	1548443233301	OK	 
REQUEST	57		Page 2	1548443233137	1548443233319	OK	 
USER	Users	83	START	1548443233324	1548443233324
REQUEST	62		Page 1	1548443233158	1548443233330	OK	 
REQUEST	81		Home Redirect 1	1548443233161	1548443233331	OK	 
REQUEST	48		Page 4	1548443233169	1548443233341	OK	 
REQUEST	67		Page 0	1548443233246	1548443233425	OK	 
REQUEST	82		Home	1548443233075	1548443233428	OK	 
REQUEST	53		Page 3	1548443233294	1548443233476	OK	 
REQUEST	72		Select	1548443233334	1548443233517	OK	 
USER	Users	84	START	1548443233564	1548443233564
REQUEST	77		Search	1548443233388	1548443233572	OK	 
REQUEST	58		Page 2	1548443233408	1548443233594	OK	 
USER	Users	44	END	1548443223578	1548443233607
REQUEST	82		Home Redirect 1	1548443233429	1548443233614	OK	 
REQUEST	63		Page 1	1548443233449	1548443233641	OK	 
REQUEST	68		Page 0	1548443233464	1548443233644	OK	 
REQUEST	49		Page 4	1548443233506	1548443233686	OK	 
REQUEST	83		Home	1548443233324	1548443233688	OK	 
REQUEST	73		Select	1548443233538	1548443233709	OK	 
USER	Users	45	END	1548443223824	1548443233728
REQUEST	54		Page 3	1548443233582	1548443233769	OK	 
USER	Users	85	START	1548443233815	1548443233815
REQUEST	59		Page 2	1548443233638	1548443233828	OK	 
REQUEST	64		Page 1	1548443233651	1548443233828	OK	 
REQUEST	78		Search	1548443233650	1548443233834	OK	 
REQUEST	50		Page 4	1548443233664	1548443233839	OK	 
REQUEST	83		Home Redirect 1	1548443233689	1548443233872	OK	 
REQUEST	69		Page 0	1548443233717	1548443233891	OK	 
REQUEST	84		Home	1548443233565	1548443233927	OK	 
USER	Users	46	END	1548443224075	1548443233957
REQUEST	60		Page 2	1548443233784	1548443233959	OK	 
REQUEST	74		Select	1548443233784	1548443233960	OK	 
REQUEST	55		Page 3	1548443233816	1548443234000	OK	 
REQUEST	47		Page 4	1548443233817	1548443234004	OK	 
REQUEST	79		Search	1548443233894	1548443234076	OK	 
REQUEST	65		Page 1	1548443233904	1548443234078	OK	 
USER	Users	86	START	1548443234079	1548443234079
REQUEST	84		Home Redirect 1	1548443233928	1548443234108	OK	 
REQUEST	70		Page 0	1548443233967	1548443234142	OK	 
REQUEST	85		Home	1548443233815	1548443234158	OK	 
REQUEST	51		Page 4	1548443234026	1548443234215	OK	 
REQUEST	56		Page 3	1548443234079	1548443234264	OK	 
REQUEST	75		Select	1548443234095	1548443234286	OK	 
REQUEST	80		Search	1548443234126	1548443234305	OK	 
USER	Users	87	START	1548443234326	1548443234326
REQUEST	85		Home Redirect 1	1548443234159	1548443234332	OK	 
REQUEST	61		Page 2	1548443234147	1548443234334	OK	 
USER	Users	48	END	1548443224574	1548443234348
REQUEST	86		Home	1548443234079	1548443234439	OK	 
REQUEST	66		Page 1	1548443234259	1548443234450	OK	 
REQUEST	71		Page 0	1548443234274	1548443234462	OK	 
REQUEST	52		Page 4	1548443234274	1548443234469	OK	 
REQUEST	76		Select	1548443234294	1548443234480	OK	 
REQUEST	57		Page 3	1548443234315	1548443234504	OK	 
REQUEST	62		Page 2	1548443234326	1548443234505	OK	 
REQUEST	81		Search	1548443234348	1548443234521	OK	 
USER	Users	88	START	1548443234574	1548443234574
REQUEST	67		Page 1	1548443234428	1548443234616	OK	 
REQUEST	86		Home Redirect 1	1548443234439	1548443234636	OK	 
REQUEST	53		Page 4	1548443234484	1548443234685	OK	 
REQUEST	87		Home	1548443234326	1548443234696	OK	 
USER	Users	49	END	1548443224827	1548443234699
REQUEST	72		Page 0	1548443234526	1548443234716	OK	 
REQUEST	77		Select	1548443234584	1548443234804	OK	 
REQUEST	58		Page 3	1548443234584	1548443234804	OK	 
REQUEST	82		Search	1548443234626	1548443234819	OK	 
USER	Users	89	START	1548443234824	1548443234824
REQUEST	68		Page 1	1548443234647	1548443234825	OK	 
USER	Users	50	END	1548443225077	1548443234835
REQUEST	63		Page 2	1548443234637	1548443234836	OK	 
REQUEST	73		Page 0	1548443234704	1548443234880	OK	 
REQUEST	87		Home Redirect 1	1548443234696	1548443234886	OK	 
REQUEST	88		Home	1548443234574	1548443234947	OK	 
REQUEST	54		Page 4	1548443234766	1548443234950	OK	 
USER	Users	47	END	1548443224324	1548443234995
REQUEST	64		Page 2	1548443234825	1548443235007	OK	 
REQUEST	78		Select	1548443234825	1548443235017	OK	 
REQUEST	59		Page 3	1548443234835	1548443235024	OK	 
USER	Users	90	START	1548443235074	1548443235074
REQUEST	83		Search	1548443234889	1548443235099	OK	 
REQUEST	69		Page 1	1548443234897	1548443235101	OK	 
REQUEST	88		Home Redirect 1	1548443234947	1548443235197	OK	 
REQUEST	74		Page 0	1548443234954	1548443235200	OK	 
REQUEST	60		Page 3	1548443234974	1548443235209	OK	 
USER	Users	51	END	1548443225328	1548443235215
REQUEST	55		Page 4	1548443235006	1548443235259	OK	 
REQUEST	89		Home	1548443234825	1548443235261	OK	 
REQUEST	65		Page 2	1548443235074	1548443235336	OK	 
REQUEST	79		Select	1548443235074	1548443235350	OK	 
REQUEST	84		Search	1548443235126	1548443235379	OK	 
REQUEST	70		Page 1	1548443235148	1548443235392	OK	 
USER	Users	52	END	1548443225580	1548443235478
REQUEST	89		Home Redirect 1	1548443235262	1548443235499	OK	 
REQUEST	56		Page 4	1548443235270	1548443235503	OK	 
REQUEST	75		Page 0	1548443235296	1548443235524	OK	 
REQUEST	80		Select	1548443235317	1548443235533	OK	 
REQUEST	90		Home	1548443235074	1548443235538	OK	 
REQUEST	85		Search	1548443235349	1548443235538	OK	 
REQUEST	61		Page 3	1548443235339	1548443235539	OK	 
REQUEST	71		Page 1	1548443235457	1548443235664	OK	 
REQUEST	66		Page 2	1548443235447	1548443235664	OK	 
REQUEST	76		Page 0	1548443235489	1548443235676	OK	 
USER	Users	53	END	1548443225830	1548443235688
REQUEST	62		Page 3	1548443235504	1548443235702	OK	 
REQUEST	57		Page 4	1548443235504	1548443235706	OK	 
REQUEST	81		Select	1548443235525	1548443235722	OK	 
REQUEST	90		Home Redirect 1	1548443235538	1548443235752	OK	 
REQUEST	67		Page 2	1548443235625	1548443235832	OK	 
REQUEST	86		Search	1548443235646	1548443235834	OK	 
REQUEST	72		Page 1	1548443235714	1548443235917	OK	 
USER	Users	54	END	1548443226074	1548443235958
REQUEST	77		Page 0	1548443235797	1548443236007	OK	 
REQUEST	58		Page 4	1548443235808	1548443236013	OK	 
REQUEST	82		Select	1548443235828	1548443236050	OK	 
REQUEST	68		Page 2	1548443235840	1548443236066	OK	 
REQUEST	63		Page 3	1548443235840	1548443236072	OK	 
REQUEST	73		Page 1	1548443235884	1548443236081	OK	 
REQUEST	87		Search	1548443235895	1548443236096	OK	 
REQUEST	64		Page 3	1548443236018	1548443236254	OK	 
USER	Users	55	END	1548443226326	1548443236256
REQUEST	59		Page 4	1548443236018	1548443236266	OK	 
REQUEST	78		Page 0	1548443236030	1548443236294	OK	 
REQUEST	69		Page 2	1548443236105	1548443236367	OK	 
REQUEST	83		Select	1548443236105	1548443236377	OK	 
REQUEST	74		Page 1	1548443236204	1548443236446	OK	 
REQUEST	60		Page 4	1548443236204	1548443236453	OK	 
REQUEST	88		Search	1548443236215	1548443236465	OK	 
USER	Users	56	END	1548443226566	1548443236485
REQUEST	65		Page 3	1548443236355	1548443236571	OK	 
REQUEST	79		Page 0	1548443236355	1548443236585	OK	 
REQUEST	70		Page 2	1548443236386	1548443236602	OK	 
REQUEST	84		Select	1548443236386	1548443236614	OK	 
USER	Users	57	END	1548443226814	1548443236714
REQUEST	89		Search	1548443236507	1548443236718	OK	 
REQUEST	75		Page 1	1548443236518	1548443236732	OK	 
REQUEST	80		Page 0	1548443236527	1548443236753	OK	 
REQUEST	85		Select	1548443236548	1548443236759	OK	 
REQUEST	61		Page 4	1548443236537	1548443236785	OK	 
REQUEST	76		Page 1	1548443236679	1548443236893	OK	 
REQUEST	66		Page 3	1548443236668	1548443236893	OK	 
REQUEST	71		Page 2	1548443236668	1548443236894	OK	 
REQUEST	62		Page 4	1548443236694	1548443236905	OK	 
REQUEST	81		Page 0	1548443236715	1548443236917	OK	 
REQUEST	90		Search	1548443236767	1548443236979	OK	 
USER	Users	58	END	1548443227065	1548443237019
REQUEST	67		Page 3	1548443236829	1548443237051	OK	 
REQUEST	86		Select	1548443236834	1548443237052	OK	 
REQUEST	72		Page 2	1548443236919	1548443237121	OK	 
REQUEST	77		Page 1	1548443237021	1548443237204	OK	 
REQUEST	82		Page 0	1548443237035	1548443237216	OK	 
REQUEST	68		Page 3	1548443237055	1548443237250	OK	 
REQUEST	63		Page 4	1548443237055	1548443237250	OK	 
REQUEST	73		Page 2	1548443237076	1548443237254	OK	 
USER	Users	59	END	1548443227314	1548443237276
REQUEST	87		Select	1548443237106	1548443237322	OK	 
REQUEST	64		Page 4	1548443237244	1548443237421	OK	 
USER	Users	60	END	1548443227574	1548443237449
REQUEST	78		Page 1	1548443237286	1548443237489	OK	 
REQUEST	69		Page 3	1548443237365	1548443237554	OK	 
REQUEST	83		Page 0	1548443237383	1548443237609	OK	 
REQUEST	74		Page 2	1548443237450	1548443237652	OK	 
REQUEST	88		Select	1548443237475	1548443237659	OK	 
REQUEST	65		Page 4	1548443237569	1548443237766	OK	 
USER	Users	61	END	1548443227825	1548443237791
REQUEST	79		Page 1	1548443237595	1548443237796	OK	 
REQUEST	70		Page 3	1548443237609	1548443237797	OK	 
REQUEST	84		Page 0	1548443237609	1548443237798	OK	 
USER	Users	62	END	1548443228076	1548443237907
REQUEST	75		Page 2	1548443237727	1548443237919	OK	 
REQUEST	85		Page 0	1548443237766	1548443237940	OK	 
REQUEST	80		Page 1	1548443237749	1548443237942	OK	 
REQUEST	89		Select	1548443237744	1548443237943	OK	 
REQUEST	76		Page 2	1548443237885	1548443238058	OK	 
REQUEST	66		Page 4	1548443237885	1548443238068	OK	 
REQUEST	71		Page 3	1548443237896	1548443238079	OK	 
REQUEST	81		Page 1	1548443237928	1548443238107	OK	 
REQUEST	90		Select	1548443237985	1548443238171	OK	 
REQUEST	67		Page 4	1548443238037	1548443238217	OK	 
REQUEST	86		Page 0	1548443238059	1548443238237	OK	 
USER	Users	63	END	1548443228326	1548443238265
REQUEST	72		Page 3	1548443238117	1548443238298	OK	 
REQUEST	77		Page 2	1548443238198	1548443238381	OK	 
REQUEST	82		Page 1	1548443238229	1548443238407	OK	 
USER	Users	64	END	1548443228575	1548443238427
REQUEST	68		Page 4	1548443238254	1548443238430	OK	 
REQUEST	73		Page 3	1548443238265	1548443238442	OK	 
REQUEST	87		Page 0	1548443238328	1548443238509	OK	 
REQUEST	78		Page 2	1548443238484	1548443238669	OK	 
REQUEST	69		Page 4	1548443238558	1548443238733	OK	 
USER	Users	65	END	1548443228825	1548443238768
REQUEST	83		Page 1	1548443238614	1548443238797	OK	 
REQUEST	74		Page 3	1548443238657	1548443238837	OK	 
REQUEST	88		Page 0	1548443238657	1548443238847	OK	 
REQUEST	70		Page 4	1548443238798	1548443238970	OK	 
REQUEST	79		Page 2	1548443238798	1548443238984	OK	 
REQUEST	84		Page 1	1548443238819	1548443238998	OK	 
USER	Users	66	END	1548443229074	1548443239065
REQUEST	85		Page 1	1548443238934	1548443239105	OK	 
REQUEST	75		Page 3	1548443238929	1548443239118	OK	 
REQUEST	89		Page 0	1548443238934	1548443239118	OK	 
REQUEST	80		Page 2	1548443238944	1548443239121	OK	 
REQUEST	76		Page 3	1548443239054	1548443239230	OK	 
USER	Users	67	END	1548443229329	1548443239230
REQUEST	71		Page 4	1548443239085	1548443239273	OK	 
REQUEST	81		Page 2	1548443239106	1548443239292	OK	 
REQUEST	90		Page 0	1548443239176	1548443239354	OK	 
USER	Users	68	END	1548443229574	1548443239426
REQUEST	86		Page 1	1548443239245	1548443239427	OK	 
REQUEST	72		Page 4	1548443239298	1548443239491	OK	 
REQUEST	77		Page 3	1548443239390	1548443239580	OK	 
REQUEST	82		Page 2	1548443239415	1548443239611	OK	 
REQUEST	73		Page 4	1548443239436	1548443239615	OK	 
REQUEST	87		Page 1	1548443239509	1548443239706	OK	 
USER	Users	69	END	1548443229827	1548443239730
REQUEST	78		Page 3	1548443239686	1548443239881	OK	 
USER	Users	70	END	1548443230076	1548443239964
REQUEST	83		Page 2	1548443239787	1548443239972	OK	 
REQUEST	74		Page 4	1548443239839	1548443240020	OK	 
REQUEST	88		Page 1	1548443239853	1548443240044	OK	 
REQUEST	79		Page 3	1548443239979	1548443240163	OK	 
REQUEST	84		Page 2	1548443239994	1548443240193	OK	 
REQUEST	85		Page 2	1548443240104	1548443240275	OK	 
USER	Users	71	END	1548443230328	1548443240278
REQUEST	75		Page 4	1548443240114	1548443240296	OK	 
REQUEST	80		Page 3	1548443240124	1548443240301	OK	 
REQUEST	89		Page 1	1548443240124	1548443240302	OK	 
REQUEST	76		Page 4	1548443240247	1548443240418	OK	 
REQUEST	81		Page 3	1548443240289	1548443240467	OK	 
USER	Users	72	END	1548443230574	1548443240484
REQUEST	90		Page 1	1548443240346	1548443240518	OK	 
REQUEST	86		Page 2	1548443240425	1548443240608	OK	 
USER	Users	73	END	1548443230827	1548443240617
REQUEST	77		Page 4	1548443240574	1548443240763	OK	 
REQUEST	82		Page 3	1548443240605	1548443240788	OK	 
REQUEST	87		Page 2	1548443240694	1548443240881	OK	 
USER	Users	74	END	1548443231074	1548443241015
REQUEST	78		Page 4	1548443240879	1548443241069	OK	 
REQUEST	83		Page 3	1548443240975	1548443241179	OK	 
REQUEST	88		Page 2	1548443241036	1548443241240	OK	 
USER	Users	75	END	1548443231325	1548443241288
REQUEST	79		Page 4	1548443241166	1548443241353	OK	 
REQUEST	84		Page 3	1548443241189	1548443241369	OK	 
USER	Users	76	END	1548443231574	1548443241418
REQUEST	85		Page 3	1548443241277	1548443241451	OK	 
REQUEST	89		Page 2	1548443241287	1548443241472	OK	 
REQUEST	80		Page 4	1548443241298	1548443241474	OK	 
REQUEST	81		Page 4	1548443241464	1548443241635	OK	 
REQUEST	90		Page 2	1548443241526	1548443241698	OK	 
USER	Users	77	END	1548443231824	1548443241758
REQUEST	86		Page 3	1548443241606	1548443241793	OK	 
REQUEST	82		Page 4	1548443241794	1548443241972	OK	 
REQUEST	87		Page 3	1548443241884	1548443242074	OK	 
USER	Users	78	END	1548443232074	1548443242077
USER	Users	79	END	1548443232325	1548443242349
REQUEST	83		Page 4	1548443242187	1548443242383	OK	 
REQUEST	88		Page 3	1548443242245	1548443242431	OK	 
USER	Users	80	END	1548443232567	1548443242484
REQUEST	84		Page 4	1548443242375	1548443242565	OK	 
REQUEST	85		Page 4	1548443242449	1548443242623	OK	 
USER	Users	81	END	1548443232824	1548443242634
REQUEST	89		Page 3	1548443242485	1548443242664	OK	 
REQUEST	90		Page 3	1548443242699	1548443242875	OK	 
USER	Users	82	END	1548443233074	1548443242968
REQUEST	86		Page 4	1548443242797	1548443242983	OK	 
REQUEST	87		Page 4	1548443243077	1548443243264	OK	 
USER	Users	83	END	1548443233324	1548443243380
USER	Users	84	END	1548443233564	1548443243555
REQUEST	88		Page 4	1548443243437	1548443243624	OK	 
USER	Users	85	END	1548443233815	1548443243630
REQUEST	89		Page 4	1548443243667	1548443243846	OK	 
USER	Users	86	END	1548443234079	1548443243978
REQUEST	90		Page 4	1548443243880	1548443244052	OK	 
USER	Users	87	END	1548443234326	1548443244264
USER	Users	88	END	1548443234574	1548443244616
USER	Users	89	END	1548443234824	1548443244837
USER	Users	90	END	1548443235074	1548443245044
