RUN	ComputerDatabaseSimulation	computerdatabasesimulation	1548628311963	 	3.0.0-RC4
USER	Users	1	START	1548628316904	1548628316904
USER	Users	2	START	1548628317204	1548628317204
USER	Users	3	START	1548628317404	1548628317404
REQUEST	1		Home	1548628316969	1548628317479	OK	 
USER	Users	4	START	1548628317604	1548628317604
REQUEST	2		Home	1548628317206	1548628317666	OK	 
REQUEST	1		Home Redirect 1	1548628317497	1548628317754	OK	 
USER	Users	5	START	1548628317806	1548628317806
REQUEST	3		Home	1548628317405	1548628317882	OK	 
REQUEST	2		Home Redirect 1	1548628317671	1548628317964	OK	 
REQUEST	4		Home	1548628317605	1548628318077	OK	 
REQUEST	3		Home Redirect 1	1548628317885	1548628318147	OK	 
REQUEST	5		Home	1548628317807	1548628318275	OK	 
REQUEST	4		Home Redirect 1	1548628318078	1548628318324	OK	 
REQUEST	5		Home Redirect 1	1548628318276	1548628318528	OK	 
REQUEST	1		Search	1548628318807	1548628319067	OK	 
REQUEST	2		Search	1548628319003	1548628319287	OK	 
REQUEST	3		Search	1548628319191	1548628319497	OK	 
REQUEST	5		Search	1548628319560	1548628320042	OK	 
REQUEST	4		Search	1548628319454	1548628320208	OK	 
REQUEST	1		Select	1548628320075	1548628320363	OK	 
REQUEST	2		Select	1548628320324	1548628320608	OK	 
REQUEST	3		Select	1548628320489	1548628320789	OK	 
REQUEST	5		Select	1548628321038	1548628321353	OK	 
REQUEST	4		Select	1548628321118	1548628321423	OK	 
REQUEST	1		Page 0	1548628321377	1548628321987	OK	 
REQUEST	2		Page 0	1548628321771	1548628322236	OK	 
REQUEST	3		Page 0	1548628321962	1548628322261	OK	 
REQUEST	5		Page 0	1548628322364	1548628322684	OK	 
REQUEST	4		Page 0	1548628322441	1548628322824	OK	 
REQUEST	1		Page 1	1548628323454	1548628324373	OK	 
REQUEST	5		Page 1	1548628324130	1548628324415	OK	 
REQUEST	3		Page 1	1548628324049	1548628324457	OK	 
REQUEST	2		Page 1	1548628324071	1548628324460	OK	 
REQUEST	4		Page 1	1548628324163	1548628324491	OK	 
REQUEST	5		Page 2	1548628325292	1548628325616	OK	 
REQUEST	1		Page 2	1548628325364	1548628325700	OK	 
REQUEST	4		Page 2	1548628325488	1548628325814	OK	 
REQUEST	2		Page 2	1548628325510	1548628325833	OK	 
REQUEST	3		Page 2	1548628325513	1548628325859	OK	 
REQUEST	5		Page 3	1548628326629	1548628326878	OK	 
USER	Users	6	START	1548628326888	1548628326888
REQUEST	1		Page 3	1548628326707	1548628326960	OK	 
REQUEST	4		Page 3	1548628326761	1548628327026	OK	 
REQUEST	2		Page 3	1548628326787	1548628327029	OK	 
USER	Users	7	START	1548628327035	1548628327035
REQUEST	3		Page 3	1548628326816	1548628327073	OK	 
USER	Users	8	START	1548628327154	1548628327154
USER	Users	9	START	1548628327311	1548628327311
REQUEST	6		Home	1548628326891	1548628327442	OK	 
USER	Users	10	START	1548628327405	1548628327405
USER	Users	11	START	1548628327541	1548628327541
REQUEST	7		Home	1548628327041	1548628327678	OK	 
USER	Users	12	START	1548628327656	1548628327656
REQUEST	8		Home	1548628327158	1548628327797	OK	 
USER	Users	13	START	1548628327789	1548628327789
REQUEST	6		Home Redirect 1	1548628327444	1548628327868	OK	 
REQUEST	9		Home	1548628327376	1548628327924	OK	 
REQUEST	7		Home Redirect 1	1548628327680	1548628328032	OK	 
REQUEST	10		Home	1548628327440	1548628328114	OK	 
REQUEST	11		Home	1548628327565	1548628328134	OK	 
REQUEST	8		Home Redirect 1	1548628327836	1548628328202	OK	 
REQUEST	5		Page 4	1548628327885	1548628328218	OK	 
REQUEST	12		Home	1548628327705	1548628328253	OK	 
REQUEST	1		Page 4	1548628327958	1548628328252	OK	 
REQUEST	9		Home Redirect 1	1548628327925	1548628328343	OK	 
REQUEST	2		Page 4	1548628328065	1548628328346	OK	 
REQUEST	4		Page 4	1548628328030	1548628328360	OK	 
REQUEST	13		Home	1548628327833	1548628328432	OK	 
REQUEST	11		Home Redirect 1	1548628328143	1548628328438	OK	 
REQUEST	10		Home Redirect 1	1548628328135	1548628328515	OK	 
REQUEST	3		Page 4	1548628328111	1548628328517	OK	 
REQUEST	12		Home Redirect 1	1548628328257	1548628328544	OK	 
REQUEST	13		Home Redirect 1	1548628328436	1548628328767	OK	 
REQUEST	6		Search	1548628328885	1548628329170	OK	 
USER	Users	5	END	1548628317806	1548628329239
USER	Users	14	START	1548628329242	1548628329242
USER	Users	1	END	1548628316904	1548628329265
USER	Users	15	START	1548628329267	1548628329267
USER	Users	2	END	1548628317204	1548628329447
USER	Users	16	START	1548628329478	1548628329478
REQUEST	7		Search	1548628329085	1548628329500	OK	 
USER	Users	4	END	1548628317604	1548628329476
USER	Users	17	START	1548628329541	1548628329541
USER	Users	3	END	1548628317404	1548628329578
USER	Users	18	START	1548628329678	1548628329678
REQUEST	8		Search	1548628329295	1548628329677	OK	 
REQUEST	14		Home	1548628329245	1548628329823	OK	 
REQUEST	11		Search	1548628329500	1548628329792	OK	 
REQUEST	15		Home	1548628329269	1548628329876	OK	 
REQUEST	9		Search	1548628329473	1548628329821	OK	 
REQUEST	16		Home	1548628329496	1548628330024	OK	 
REQUEST	10		Search	1548628329580	1548628329999	OK	 
REQUEST	12		Search	1548628329657	1548628330023	OK	 
REQUEST	14		Home Redirect 1	1548628329873	1548628330144	OK	 
REQUEST	13		Search	1548628329822	1548628330189	OK	 
REQUEST	15		Home Redirect 1	1548628329909	1548628330232	OK	 
REQUEST	17		Home	1548628329621	1548628330307	OK	 
REQUEST	18		Home	1548628329682	1548628330389	OK	 
REQUEST	16		Home Redirect 1	1548628330030	1548628330398	OK	 
REQUEST	6		Select	1548628330215	1548628330503	OK	 
REQUEST	17		Home Redirect 1	1548628330309	1548628330637	OK	 
REQUEST	18		Home Redirect 1	1548628330409	1548628330853	OK	 
REQUEST	7		Select	1548628330547	1548628330965	OK	 
REQUEST	11		Select	1548628330886	1548628331535	OK	 
REQUEST	8		Select	1548628330849	1548628331539	OK	 
REQUEST	9		Select	1548628330884	1548628331609	OK	 
REQUEST	10		Select	1548628331128	1548628331629	OK	 
REQUEST	12		Select	1548628331144	1548628331632	OK	 
REQUEST	13		Select	1548628331282	1548628332092	OK	 
REQUEST	15		Search	1548628331530	1548628332056	OK	 
REQUEST	16		Search	1548628331606	1548628332115	OK	 
REQUEST	6		Page 0	1548628331569	1548628332171	OK	 
REQUEST	17		Search	1548628331731	1548628332160	OK	 
REQUEST	14		Search	1548628331280	1548628332209	OK	 
REQUEST	18		Search	1548628332090	1548628332387	OK	 
REQUEST	7		Page 0	1548628332088	1548628332467	OK	 
REQUEST	11		Page 0	1548628332764	1548628333133	OK	 
REQUEST	9		Page 0	1548628332770	1548628333167	OK	 
REQUEST	8		Page 0	1548628332763	1548628333199	OK	 
REQUEST	12		Page 0	1548628332773	1548628333265	OK	 
REQUEST	10		Page 0	1548628332771	1548628333268	OK	 
REQUEST	13		Page 0	1548628333229	1548628333788	OK	 
REQUEST	6		Page 1	1548628333167	1548628333858	OK	 
REQUEST	18		Select	1548628333361	1548628333866	OK	 
REQUEST	15		Select	1548628333129	1548628333870	OK	 
REQUEST	17		Select	1548628333162	1548628333875	OK	 
REQUEST	16		Select	1548628333163	1548628333880	OK	 
REQUEST	14		Select	1548628333261	1548628333907	OK	 
REQUEST	7		Page 1	1548628333666	1548628334125	OK	 
REQUEST	11		Page 1	1548628334102	1548628334397	OK	 
REQUEST	9		Page 1	1548628334170	1548628334476	OK	 
REQUEST	8		Page 1	1548628334261	1548628334545	OK	 
REQUEST	10		Page 1	1548628334348	1548628334653	OK	 
REQUEST	12		Page 1	1548628334375	1548628334686	OK	 
REQUEST	18		Page 0	1548628335266	1548628335537	OK	 
REQUEST	6		Page 2	1548628335265	1548628335638	OK	 
REQUEST	17		Page 0	1548628335283	1548628335670	OK	 
REQUEST	16		Page 0	1548628335284	1548628335710	OK	 
REQUEST	15		Page 0	1548628335282	1548628335719	OK	 
REQUEST	13		Page 1	1548628335258	1548628336687	OK	 
REQUEST	14		Page 0	1548628335286	1548628336800	OK	 
REQUEST	7		Page 2	1548628335295	1548628336814	OK	 
REQUEST	11		Page 2	1548628335469	1548628336816	OK	 
REQUEST	8		Page 2	1548628335641	1548628336844	OK	 
REQUEST	9		Page 2	1548628335639	1548628336920	OK	 
REQUEST	10		Page 2	1548628336688	1548628336994	OK	 
REQUEST	12		Page 2	1548628336704	1548628337027	OK	 
REQUEST	18		Page 1	1548628336726	1548628337052	OK	 
REQUEST	17		Page 1	1548628336804	1548628337143	OK	 
REQUEST	6		Page 3	1548628336769	1548628337160	OK	 
REQUEST	16		Page 1	1548628336811	1548628337187	OK	 
REQUEST	13		Page 2	1548628337808	1548628338269	OK	 
REQUEST	8		Page 3	1548628337809	1548628338373	OK	 
REQUEST	11		Page 3	1548628337929	1548628338429	OK	 
REQUEST	14		Page 1	1548628337926	1548628338431	OK	 
REQUEST	10		Page 3	1548628337925	1548628338433	OK	 
REQUEST	7		Page 3	1548628337810	1548628338436	OK	 
REQUEST	9		Page 3	1548628337829	1548628338451	OK	 
REQUEST	15		Page 1	1548628337720	1548628338486	OK	 
REQUEST	12		Page 3	1548628338211	1548628338644	OK	 
REQUEST	18		Page 2	1548628338215	1548628338713	OK	 
REQUEST	17		Page 2	1548628338300	1548628338724	OK	 
REQUEST	16		Page 2	1548628338301	1548628338768	OK	 
REQUEST	6		Page 4	1548628338298	1548628338771	OK	 
USER	Users	6	END	1548628326888	1548628339894
REQUEST	13		Page 3	1548628339325	1548628340034	OK	 
REQUEST	14		Page 2	1548628339452	1548628340076	OK	 
REQUEST	10		Page 4	1548628339514	1548628340199	OK	 
REQUEST	12		Page 4	1548628339816	1548628340204	OK	 
REQUEST	11		Page 4	1548628339456	1548628340249	OK	 
REQUEST	8		Page 4	1548628339454	1548628340254	OK	 
REQUEST	9		Page 4	1548628339791	1548628340261	OK	 
REQUEST	7		Page 4	1548628339515	1548628340283	OK	 
REQUEST	17		Page 3	1548628339901	1548628340302	OK	 
REQUEST	18		Page 3	1548628339903	1548628340309	OK	 
REQUEST	16		Page 3	1548628339902	1548628340428	OK	 
REQUEST	15		Page 2	1548628339815	1548628340430	OK	 
USER	Users	10	END	1548628327405	1548628341335
USER	Users	12	END	1548628327656	1548628341338
USER	Users	8	END	1548628327154	1548628341340
USER	Users	7	END	1548628327035	1548628341342
USER	Users	11	END	1548628327541	1548628341344
USER	Users	9	END	1548628327311	1548628341402
REQUEST	13		Page 4	1548628341119	1548628341458	OK	 
REQUEST	17		Page 4	1548628341344	1548628341646	OK	 
REQUEST	14		Page 3	1548628341335	1548628341802	OK	 
REQUEST	18		Page 4	1548628341341	1548628341830	OK	 
REQUEST	15		Page 3	1548628341663	1548628341986	OK	 
REQUEST	16		Page 4	1548628341648	1548628342003	OK	 
USER	Users	13	END	1548628327789	1548628342497
USER	Users	17	END	1548628329541	1548628342755
USER	Users	16	END	1548628329478	1548628342823
USER	Users	18	END	1548628329678	1548628342824
REQUEST	14		Page 4	1548628342822	1548628343090	OK	 
REQUEST	15		Page 4	1548628342811	1548628343092	OK	 
USER	Users	14	END	1548628329242	1548628344045
USER	Users	15	END	1548628329267	1548628344074
