RUN	ComputerDatabaseSimulation	computerdatabasesimulation	1548622365874	 	3.0.0-RC4
USER	Users	1	START	1548622385257	1548622385257
USER	Users	2	START	1548622385522	1548622385522
REQUEST	1		Home	1548622385296	1548622385726	OK	 
USER	Users	3	START	1548622385776	1548622385776
REQUEST	2		Home	1548622385522	1548622385957	OK	 
REQUEST	1		Home Redirect 1	1548622385739	1548622385957	OK	 
USER	Users	4	START	1548622386039	1548622386039
REQUEST	2		Home Redirect 1	1548622385959	1548622386188	OK	 
REQUEST	3		Home	1548622385777	1548622386236	OK	 
USER	Users	5	START	1548622386284	1548622386284
REQUEST	4		Home	1548622386041	1548622386452	OK	 
REQUEST	2		Search	1548622386190	1548622386430	OK	 
REQUEST	1		Search	1548622385997	1548622386216	OK	 
REQUEST	3		Home Redirect 1	1548622386237	1548622386490	OK	 
USER	Users	6	START	1548622386537	1548622386537
REQUEST	4		Home Redirect 1	1548622386453	1548622386666	OK	 
REQUEST	1		Select	1548622386480	1548622386698	OK	 
REQUEST	2		Select	1548622386480	1548622386719	OK	 
REQUEST	3		Search	1548622386501	1548622386740	OK	 
REQUEST	5		Home	1548622386287	1548622386759	OK	 
USER	Users	7	START	1548622386791	1548622386791
REQUEST	4		Search	1548622386670	1548622386888	OK	 
REQUEST	1		Page 0	1548622386705	1548622386921	OK	 
REQUEST	2		Page 0	1548622386727	1548622386963	OK	 
REQUEST	3		Select	1548622386749	1548622386992	OK	 
REQUEST	6		Home	1548622386538	1548622386998	OK	 
REQUEST	5		Home Redirect 1	1548622386767	1548622387019	OK	 
USER	Users	8	START	1548622387032	1548622387032
REQUEST	4		Select	1548622386891	1548622387111	OK	 
REQUEST	1		Page 1	1548622386929	1548622387156	OK	 
REQUEST	2		Page 1	1548622386967	1548622387193	OK	 
REQUEST	7		Home	1548622386792	1548622387212	OK	 
REQUEST	6		Home Redirect 1	1548622387009	1548622387233	OK	 
REQUEST	3		Page 0	1548622386996	1548622387247	OK	 
USER	Users	9	START	1548622387282	1548622387282
REQUEST	5		Search	1548622387030	1548622387296	OK	 
REQUEST	4		Page 0	1548622387115	1548622387335	OK	 
REQUEST	1		Page 2	1548622387157	1548622387376	OK	 
REQUEST	2		Page 2	1548622387196	1548622387419	OK	 
REQUEST	7		Home Redirect 1	1548622387213	1548622387425	OK	 
REQUEST	8		Home	1548622387035	1548622387451	OK	 
REQUEST	6		Search	1548622387235	1548622387459	OK	 
USER	Users	10	START	1548622387484	1548622387484
REQUEST	3		Page 1	1548622387249	1548622387490	OK	 
REQUEST	5		Select	1548622387303	1548622387538	OK	 
REQUEST	4		Page 1	1548622387337	1548622387553	OK	 
REQUEST	1		Page 3	1548622387378	1548622387590	OK	 
REQUEST	7		Search	1548622387428	1548622387637	OK	 
REQUEST	2		Page 3	1548622387422	1548622387644	OK	 
REQUEST	8		Home Redirect 1	1548622387452	1548622387662	OK	 
REQUEST	6		Select	1548622387466	1548622387678	OK	 
REQUEST	3		Page 2	1548622387492	1548622387725	OK	 
USER	Users	11	START	1548622387732	1548622387732
REQUEST	9		Home	1548622387283	1548622387736	OK	 
REQUEST	4		Page 2	1548622387557	1548622387767	OK	 
REQUEST	5		Page 0	1548622387540	1548622387776	OK	 
REQUEST	1		Page 4	1548622387592	1548622387808	OK	 
USER	Users	1	END	1548622385257	1548622387819
REQUEST	7		Select	1548622387640	1548622387848	OK	 
REQUEST	2		Page 4	1548622387646	1548622387873	OK	 
USER	Users	2	END	1548622385522	1548622387876
REQUEST	8		Search	1548622387665	1548622387877	OK	 
REQUEST	6		Page 0	1548622387679	1548622387893	OK	 
REQUEST	10		Home	1548622387485	1548622387932	OK	 
REQUEST	3		Page 3	1548622387727	1548622387965	OK	 
REQUEST	9		Home Redirect 1	1548622387737	1548622387969	OK	 
REQUEST	4		Page 3	1548622387769	1548622387981	OK	 
USER	Users	12	START	1548622387989	1548622387989
REQUEST	5		Page 1	1548622387778	1548622388016	OK	 
REQUEST	7		Page 0	1548622387849	1548622388057	OK	 
REQUEST	8		Select	1548622387879	1548622388086	OK	 
REQUEST	6		Page 1	1548622387895	1548622388108	OK	 
REQUEST	10		Home Redirect 1	1548622387932	1548622388162	OK	 
REQUEST	11		Home	1548622387736	1548622388166	OK	 
REQUEST	4		Page 4	1548622387984	1548622388196	OK	 
USER	Users	4	END	1548622386039	1548622388198
REQUEST	3		Page 4	1548622387967	1548622388202	OK	 
USER	Users	3	END	1548622385776	1548622388206
REQUEST	9		Search	1548622387971	1548622388212	OK	 
USER	Users	13	START	1548622388237	1548622388237
REQUEST	5		Page 2	1548622388017	1548622388252	OK	 
REQUEST	7		Page 1	1548622388058	1548622388266	OK	 
REQUEST	8		Page 0	1548622388088	1548622388303	OK	 
REQUEST	6		Page 2	1548622388110	1548622388325	OK	 
REQUEST	11		Home Redirect 1	1548622388167	1548622388389	OK	 
REQUEST	10		Search	1548622388165	1548622388395	OK	 
REQUEST	9		Select	1548622388214	1548622388449	OK	 
REQUEST	12		Home	1548622387993	1548622388450	OK	 
USER	Users	14	START	1548622388470	1548622388470
REQUEST	7		Page 2	1548622388267	1548622388475	OK	 
REQUEST	5		Page 3	1548622388258	1548622388491	OK	 
REQUEST	8		Page 1	1548622388306	1548622388516	OK	 
REQUEST	6		Page 3	1548622388327	1548622388541	OK	 
REQUEST	11		Search	1548622388390	1548622388616	OK	 
REQUEST	10		Select	1548622388397	1548622388631	OK	 
REQUEST	13		Home	1548622388239	1548622388654	OK	 
REQUEST	9		Page 0	1548622388450	1548622388684	OK	 
REQUEST	7		Page 3	1548622388477	1548622388692	OK	 
REQUEST	12		Home Redirect 1	1548622388452	1548622388696	OK	 
USER	Users	15	START	1548622388718	1548622388718
REQUEST	5		Page 4	1548622388493	1548622388726	OK	 
USER	Users	5	END	1548622386284	1548622388727
REQUEST	8		Page 2	1548622388520	1548622388732	OK	 
REQUEST	6		Page 4	1548622388542	1548622388759	OK	 
USER	Users	6	END	1548622386537	1548622388760
REQUEST	11		Select	1548622388618	1548622388839	OK	 
REQUEST	10		Page 0	1548622388632	1548622388865	OK	 
REQUEST	13		Home Redirect 1	1548622388655	1548622388874	OK	 
REQUEST	14		Home	1548622388472	1548622388890	OK	 
REQUEST	7		Page 4	1548622388695	1548622388904	OK	 
USER	Users	7	END	1548622386791	1548622388905
REQUEST	9		Page 1	1548622388687	1548622388921	OK	 
REQUEST	12		Search	1548622388698	1548622388936	OK	 
REQUEST	8		Page 3	1548622388734	1548622388949	OK	 
USER	Users	16	START	1548622388962	1548622388962
REQUEST	11		Page 0	1548622388840	1548622389061	OK	 
REQUEST	13		Search	1548622388876	1548622389088	OK	 
REQUEST	10		Page 1	1548622388867	1548622389105	OK	 
REQUEST	14		Home Redirect 1	1548622388891	1548622389109	OK	 
REQUEST	15		Home	1548622388719	1548622389139	OK	 
REQUEST	9		Page 2	1548622388922	1548622389154	OK	 
REQUEST	8		Page 4	1548622388950	1548622389159	OK	 
USER	Users	8	END	1548622387032	1548622389160
REQUEST	12		Select	1548622388940	1548622389177	OK	 
USER	Users	17	START	1548622389212	1548622389212
REQUEST	11		Page 1	1548622389063	1548622389283	OK	 
REQUEST	13		Select	1548622389090	1548622389301	OK	 
REQUEST	14		Search	1548622389111	1548622389362	OK	 
REQUEST	15		Home Redirect 1	1548622389140	1548622389368	OK	 
REQUEST	10		Page 2	1548622389107	1548622389375	OK	 
REQUEST	16		Home	1548622388963	1548622389377	OK	 
REQUEST	9		Page 3	1548622389156	1548622389389	OK	 
REQUEST	12		Page 0	1548622389178	1548622389416	OK	 
USER	Users	18	START	1548622389487	1548622389487
REQUEST	11		Page 2	1548622389286	1548622389507	OK	 
REQUEST	13		Page 0	1548622389307	1548622389517	OK	 
REQUEST	14		Select	1548622389365	1548622389582	OK	 
REQUEST	15		Search	1548622389370	1548622389589	OK	 
REQUEST	16		Home Redirect 1	1548622389378	1548622389598	OK	 
REQUEST	17		Home	1548622389212	1548622389610	OK	 
REQUEST	10		Page 3	1548622389376	1548622389613	OK	 
REQUEST	9		Page 4	1548622389390	1548622389621	OK	 
USER	Users	9	END	1548622387282	1548622389622
REQUEST	12		Page 1	1548622389418	1548622389656	OK	 
REQUEST	11		Page 3	1548622389507	1548622389730	OK	 
REQUEST	13		Page 1	1548622389524	1548622389735	OK	 
USER	Users	19	START	1548622389740	1548622389740
REQUEST	14		Page 0	1548622389583	1548622389800	OK	 
REQUEST	15		Select	1548622389591	1548622389805	OK	 
REQUEST	17		Home Redirect 1	1548622389610	1548622389816	OK	 
REQUEST	16		Search	1548622389599	1548622389827	OK	 
REQUEST	10		Page 4	1548622389614	1548622389845	OK	 
USER	Users	10	END	1548622387484	1548622389846
REQUEST	12		Page 2	1548622389657	1548622389894	OK	 
REQUEST	18		Home	1548622389488	1548622389923	OK	 
REQUEST	13		Page 2	1548622389737	1548622389949	OK	 
REQUEST	11		Page 4	1548622389732	1548622389962	OK	 
USER	Users	11	END	1548622387732	1548622389964
USER	Users	20	START	1548622389987	1548622389987
REQUEST	14		Page 1	1548622389801	1548622390014	OK	 
REQUEST	15		Page 0	1548622389806	1548622390026	OK	 
REQUEST	17		Search	1548622389826	1548622390030	OK	 
REQUEST	16		Select	1548622389829	1548622390045	OK	 
REQUEST	12		Page 3	1548622389896	1548622390131	OK	 
REQUEST	19		Home	1548622389746	1548622390148	OK	 
REQUEST	18		Home Redirect 1	1548622389923	1548622390151	OK	 
REQUEST	13		Page 3	1548622389951	1548622390166	OK	 
REQUEST	14		Page 2	1548622390015	1548622390228	OK	 
REQUEST	17		Select	1548622390032	1548622390243	OK	 
REQUEST	15		Page 1	1548622390028	1548622390246	OK	 
REQUEST	16		Page 0	1548622390046	1548622390261	OK	 
REQUEST	19		Home Redirect 1	1548622390149	1548622390356	OK	 
REQUEST	12		Page 4	1548622390132	1548622390370	OK	 
USER	Users	12	END	1548622387989	1548622390371
REQUEST	18		Search	1548622390153	1548622390378	OK	 
REQUEST	13		Page 4	1548622390168	1548622390385	OK	 
USER	Users	13	END	1548622388237	1548622390385
REQUEST	20		Home	1548622389988	1548622390392	OK	 
REQUEST	14		Page 3	1548622390229	1548622390442	OK	 
REQUEST	17		Page 0	1548622390245	1548622390450	OK	 
REQUEST	15		Page 2	1548622390247	1548622390463	OK	 
REQUEST	16		Page 1	1548622390262	1548622390481	OK	 
REQUEST	19		Search	1548622390357	1548622390565	OK	 
REQUEST	18		Select	1548622390380	1548622390606	OK	 
REQUEST	20		Home Redirect 1	1548622390400	1548622390615	OK	 
REQUEST	17		Page 1	1548622390451	1548622390659	OK	 
REQUEST	14		Page 4	1548622390443	1548622390662	OK	 
USER	Users	14	END	1548622388470	1548622390663
REQUEST	15		Page 3	1548622390466	1548622390682	OK	 
REQUEST	16		Page 2	1548622390482	1548622390695	OK	 
REQUEST	19		Select	1548622390567	1548622390779	OK	 
REQUEST	20		Search	1548622390618	1548622390830	OK	 
REQUEST	18		Page 0	1548622390607	1548622390836	OK	 
REQUEST	17		Page 2	1548622390660	1548622390866	OK	 
REQUEST	15		Page 4	1548622390685	1548622390900	OK	 
USER	Users	15	END	1548622388718	1548622390901
REQUEST	16		Page 3	1548622390696	1548622390910	OK	 
REQUEST	19		Page 0	1548622390780	1548622390987	OK	 
REQUEST	20		Select	1548622390832	1548622391044	OK	 
REQUEST	18		Page 1	1548622390837	1548622391067	OK	 
REQUEST	17		Page 3	1548622390867	1548622391077	OK	 
REQUEST	16		Page 4	1548622390911	1548622391125	OK	 
USER	Users	16	END	1548622388962	1548622391126
REQUEST	19		Page 1	1548622390988	1548622391198	OK	 
REQUEST	20		Page 0	1548622391045	1548622391255	OK	 
REQUEST	17		Page 4	1548622391078	1548622391282	OK	 
USER	Users	17	END	1548622389212	1548622391283
REQUEST	18		Page 2	1548622391068	1548622391296	OK	 
REQUEST	19		Page 2	1548622391198	1548622391405	OK	 
REQUEST	20		Page 1	1548622391256	1548622391466	OK	 
REQUEST	18		Page 3	1548622391297	1548622391524	OK	 
REQUEST	19		Page 3	1548622391406	1548622391614	OK	 
REQUEST	20		Page 2	1548622391467	1548622391678	OK	 
REQUEST	18		Page 4	1548622391525	1548622391751	OK	 
USER	Users	18	END	1548622389487	1548622391752
REQUEST	19		Page 4	1548622391615	1548622391822	OK	 
USER	Users	19	END	1548622389740	1548622391823
REQUEST	20		Page 3	1548622391679	1548622391890	OK	 
REQUEST	20		Page 4	1548622391892	1548622392103	OK	 
USER	Users	20	END	1548622389987	1548622392104
