RUN	ComputerDatabaseSimulation	computerdatabasesimulation	1548443004442	 	3.0.0-RC4
USER	Users	1	START	1548443008165	1548443008165
USER	Admins	6	START	1548443008217	1548443008217
REQUEST	1		Home	1548443008201	1548443008614	OK	 
REQUEST	6		Home	1548443008218	1548443008614	OK	 
USER	Users	2	START	1548443008705	1548443008705
REQUEST	1		Home Redirect 1	1548443008630	1548443008838	OK	 
REQUEST	6		Home Redirect 1	1548443008637	1548443008843	OK	 
REQUEST	2		Home	1548443008706	1548443009086	OK	 
USER	Users	3	START	1548443009201	1548443009201
REQUEST	2		Home Redirect 1	1548443009090	1548443009292	OK	 
REQUEST	3		Home	1548443009204	1548443009617	OK	 
USER	Users	4	START	1548443009701	1548443009701
REQUEST	3		Home Redirect 1	1548443009618	1548443009817	OK	 
REQUEST	4		Home	1548443009702	1548443010067	OK	 
REQUEST	1		Search	1548443009883	1548443010088	OK	 
REQUEST	6		Search	1548443009869	1548443010069	OK	 
USER	Users	5	START	1548443010215	1548443010215
REQUEST	4		Home Redirect 1	1548443010069	1548443010263	OK	 
REQUEST	2		Search	1548443010317	1548443010513	OK	 
REQUEST	5		Home	1548443010216	1548443010609	OK	 
USER	Users	7	START	1548443010652	1548443010652
REQUEST	5		Home Redirect 1	1548443010612	1548443010812	OK	 
REQUEST	7		Home	1548443010653	1548443011059	OK	 
REQUEST	3		Search	1548443010834	1548443011060	OK	 
USER	Users	8	START	1548443011155	1548443011155
REQUEST	7		Home Redirect 1	1548443011061	1548443011305	OK	 
REQUEST	6		Select	1548443011072	1548443011307	OK	 
REQUEST	1		Select	1548443011092	1548443011325	OK	 
REQUEST	8		Home	1548443011157	1548443011535	OK	 
REQUEST	4		Search	1548443011295	1548443011537	OK	 
USER	Users	9	START	1548443011653	1548443011653
REQUEST	2		Select	1548443011533	1548443011752	OK	 
REQUEST	8		Home Redirect 1	1548443011550	1548443011767	OK	 
REQUEST	9		Home	1548443011655	1548443012037	OK	 
REQUEST	5		Search	1548443011825	1548443012076	OK	 
USER	Users	10	START	1548443012155	1548443012155
REQUEST	9		Home Redirect 1	1548443012040	1548443012247	OK	 
REQUEST	3		Select	1548443012066	1548443012271	OK	 
REQUEST	6		Page 0	1548443012323	1548443012522	OK	 
REQUEST	10		Home	1548443012156	1548443012539	OK	 
REQUEST	1		Page 0	1548443012359	1548443012583	OK	 
REQUEST	7		Search	1548443012359	1548443012586	OK	 
USER	Users	11	START	1548443012653	1548443012653
REQUEST	10		Home Redirect 1	1548443012542	1548443012742	OK	 
REQUEST	4		Select	1548443012554	1548443012774	OK	 
REQUEST	2		Page 0	1548443012761	1548443013003	OK	 
REQUEST	11		Home	1548443012655	1548443013020	OK	 
REQUEST	8		Search	1548443012787	1548443013015	OK	 
USER	Users	12	START	1548443013155	1548443013155
USER	Admins	13	START	1548443013155	1548443013155
REQUEST	11		Home Redirect 1	1548443013023	1548443013211	OK	 
REQUEST	5		Select	1548443013093	1548443013311	OK	 
REQUEST	9		Search	1548443013266	1548443013469	OK	 
REQUEST	3		Page 0	1548443013285	1548443013497	OK	 
REQUEST	12		Home	1548443013157	1548443013549	OK	 
REQUEST	13		Home	1548443013159	1548443013550	OK	 
USER	Users	14	START	1548443013651	1548443013651
REQUEST	6		Page 1	1548443013551	1548443013748	OK	 
REQUEST	13		Home Redirect 1	1548443013555	1548443013790	OK	 
REQUEST	12		Home Redirect 1	1548443013553	1548443013807	OK	 
REQUEST	7		Select	1548443013600	1548443013825	OK	 
REQUEST	1		Page 1	1548443013586	1548443013841	OK	 
REQUEST	10		Search	1548443013779	1548443013980	OK	 
REQUEST	4		Page 0	1548443013782	1548443014058	OK	 
REQUEST	14		Home	1548443013653	1548443014059	OK	 
USER	Users	15	START	1548443014156	1548443014156
REQUEST	2		Page 1	1548443014012	1548443014272	OK	 
REQUEST	8		Select	1548443014029	1548443014274	OK	 
REQUEST	14		Home Redirect 1	1548443014061	1548443014279	OK	 
REQUEST	11		Search	1548443014243	1548443014450	OK	 
REQUEST	5		Page 0	1548443014304	1548443014514	OK	 
REQUEST	15		Home	1548443014157	1548443014532	OK	 
USER	Users	16	START	1548443014646	1548443014646
REQUEST	9		Select	1548443014486	1548443014685	OK	 
REQUEST	3		Page 1	1548443014510	1548443014719	OK	 
REQUEST	15		Home Redirect 1	1548443014535	1548443014742	OK	 
REQUEST	6		Page 2	1548443014745	1548443014945	OK	 
REQUEST	16		Home	1548443014647	1548443015008	OK	 
REQUEST	13		Search	1548443014837	1548443015031	OK	 
REQUEST	7		Page 0	1548443014839	1548443015063	OK	 
REQUEST	1		Page 2	1548443014877	1548443015078	OK	 
REQUEST	12		Search	1548443014854	1548443015075	OK	 
USER	Users	17	START	1548443015145	1548443015145
REQUEST	10		Select	1548443014972	1548443015158	OK	 
REQUEST	16		Home Redirect 1	1548443015009	1548443015204	OK	 
REQUEST	4		Page 1	1548443015067	1548443015270	OK	 
REQUEST	17		Home	1548443015146	1548443015566	OK	 
REQUEST	2		Page 2	1548443015292	1548443015585	OK	 
REQUEST	8		Page 0	1548443015283	1548443015593	OK	 
REQUEST	14		Search	1548443015294	1548443015589	OK	 
USER	Users	18	START	1548443015655	1548443015655
REQUEST	11		Select	1548443015458	1548443015712	OK	 
REQUEST	5		Page 1	1548443015553	1548443015783	OK	 
REQUEST	17		Home Redirect 1	1548443015595	1548443015800	OK	 
REQUEST	9		Page 0	1548443015679	1548443015881	OK	 
REQUEST	3		Page 2	1548443015717	1548443015924	OK	 
REQUEST	15		Search	1548443015753	1548443015949	OK	 
REQUEST	18		Home	1548443015656	1548443016029	OK	 
REQUEST	6		Page 3	1548443015934	1548443016125	OK	 
USER	Users	19	START	1548443016152	1548443016152
REQUEST	18		Home Redirect 1	1548443016032	1548443016240	OK	 
REQUEST	13		Select	1548443016041	1548443016258	OK	 
REQUEST	7		Page 1	1548443016065	1548443016286	OK	 
REQUEST	12		Select	1548443016089	1548443016310	OK	 
REQUEST	1		Page 3	1548443016086	1548443016314	OK	 
REQUEST	10		Page 0	1548443016164	1548443016371	OK	 
REQUEST	16		Search	1548443016228	1548443016436	OK	 
REQUEST	4		Page 2	1548443016263	1548443016455	OK	 
REQUEST	19		Home	1548443016153	1548443016515	OK	 
USER	Users	20	START	1548443016644	1548443016644
REQUEST	19		Home Redirect 1	1548443016517	1548443016718	OK	 
REQUEST	2		Page 3	1548443016598	1548443016862	OK	 
REQUEST	14		Select	1548443016613	1548443016867	OK	 
REQUEST	8		Page 1	1548443016614	1548443016884	OK	 
REQUEST	11		Page 0	1548443016719	1548443016913	OK	 
REQUEST	5		Page 2	1548443016798	1548443017012	OK	 
REQUEST	20		Home	1548443016647	1548443017039	OK	 
REQUEST	9		Page 1	1548443016889	1548443017076	OK	 
REQUEST	17		Search	1548443016862	1548443017079	OK	 
REQUEST	3		Page 3	1548443016932	1548443017136	OK	 
REQUEST	15		Select	1548443016953	1548443017148	OK	 
USER	Users	21	START	1548443017152	1548443017152
REQUEST	20		Home Redirect 1	1548443017040	1548443017242	OK	 
REQUEST	6		Page 4	1548443017123	1548443017352	OK	 
REQUEST	13		Page 0	1548443017265	1548443017533	OK	 
REQUEST	7		Page 2	1548443017295	1548443017534	OK	 
REQUEST	1		Page 4	1548443017329	1548443017536	OK	 
REQUEST	18		Search	1548443017294	1548443017531	OK	 
REQUEST	12		Page 0	1548443017332	1548443017539	OK	 
REQUEST	21		Home	1548443017153	1548443017555	OK	 
REQUEST	10		Page 1	1548443017362	1548443017558	OK	 
REQUEST	16		Select	1548443017447	1548443017652	OK	 
USER	Users	22	START	1548443017653	1548443017653
REQUEST	4		Page 3	1548443017487	1548443017714	OK	 
REQUEST	21		Home Redirect 1	1548443017557	1548443017773	OK	 
REQUEST	19		Search	1548443017721	1548443017959	OK	 
REQUEST	22		Home	1548443017654	1548443018078	OK	 
REQUEST	2		Page 4	1548443017890	1548443018121	OK	 
REQUEST	14		Page 0	1548443017894	1548443018158	OK	 
REQUEST	8		Page 2	1548443017896	1548443018177	OK	 
USER	Users	23	START	1548443018156	1548443018156
REQUEST	11		Page 1	1548443017939	1548443018205	OK	 
REQUEST	5		Page 3	1548443018017	1548443018227	OK	 
REQUEST	22		Home Redirect 1	1548443018092	1548443018312	OK	 
REQUEST	9		Page 2	1548443018094	1548443018317	OK	 
REQUEST	17		Select	1548443018095	1548443018386	OK	 
REQUEST	15		Page 0	1548443018168	1548443018394	OK	 
REQUEST	3		Page 4	1548443018163	1548443018416	OK	 
REQUEST	20		Search	1548443018256	1548443018441	OK	 
REQUEST	23		Home	1548443018165	1548443018550	OK	 
USER	Users	1	END	1548443008165	1548443018546
REQUEST	6		Form	1548443018389	1548443018634	OK	 
USER	Users	24	START	1548443018642	1548443018642
REQUEST	18		Select	1548443018552	1548443018776	OK	 
REQUEST	23		Home Redirect 1	1548443018553	1548443018783	OK	 
REQUEST	13		Page 1	1548443018556	1548443018786	OK	 
REQUEST	12		Page 1	1548443018558	1548443018814	OK	 
REQUEST	7		Page 3	1548443018559	1548443018849	OK	 
REQUEST	10		Page 2	1548443018600	1548443018869	OK	 
REQUEST	16		Page 0	1548443018645	1548443018880	OK	 
REQUEST	4		Page 4	1548443018703	1548443018899	OK	 
REQUEST	21		Search	1548443018812	1548443019026	OK	 
REQUEST	24		Home	1548443018643	1548443019046	OK	 
USER	Users	2	END	1548443008705	1548443019144
USER	Users	25	START	1548443019143	1548443019143
REQUEST	19		Select	1548443018983	1548443019195	OK	 
REQUEST	24		Home Redirect 1	1548443019049	1548443019266	OK	 
REQUEST	14		Page 1	1548443019182	1548443019392	OK	 
REQUEST	8		Page 3	1548443019205	1548443019400	OK	 
USER	Users	3	END	1548443009201	1548443019402
REQUEST	11		Page 2	1548443019216	1548443019448	OK	 
REQUEST	5		Page 4	1548443019243	1548443019449	OK	 
REQUEST	9		Page 3	1548443019314	1548443019520	OK	 
REQUEST	22		Search	1548443019335	1548443019538	OK	 
REQUEST	25		Home	1548443019151	1548443019570	OK	 
REQUEST	15		Page 1	1548443019409	1548443019625	OK	 
REQUEST	17		Page 0	1548443019407	1548443019626	OK	 
REQUEST	20		Select	1548443019457	1548443019654	OK	 
USER	Users	26	START	1548443019655	1548443019655
REQUEST	25		Home Redirect 1	1548443019572	1548443019773	OK	 
REQUEST	6		Post	1548443019642	1548443019871	KO	status.find.is(200), but actually found 400
USER	Users	4	END	1548443009701	1548443020158
USER	Users	27	START	1548443020151	1548443020151
REQUEST	18		Page 0	1548443019787	1548443020231	OK	 
REQUEST	16		Page 1	1548443019907	1548443020271	OK	 
REQUEST	13		Page 2	1548443019791	1548443020279	OK	 
REQUEST	7		Page 4	1548443019875	1548443020281	OK	 
REQUEST	12		Page 2	1548443019857	1548443020283	OK	 
USER	Admins	6	END	1548443008217	1548443020208
REQUEST	10		Page 3	1548443019876	1548443020310	OK	 
REQUEST	23		Search	1548443019818	1548443020312	OK	 
REQUEST	26		Home	1548443019657	1548443020326	OK	 
USER	Users	5	END	1548443010215	1548443020468
REQUEST	21		Select	1548443020184	1548443020474	OK	 
REQUEST	19		Page 0	1548443020224	1548443020489	OK	 
REQUEST	24		Search	1548443020285	1548443020499	OK	 
REQUEST	26		Home Redirect 1	1548443020331	1548443020557	OK	 
REQUEST	27		Home	1548443020207	1548443020588	OK	 
REQUEST	14		Page 2	1548443020405	1548443020616	OK	 
REQUEST	8		Page 4	1548443020408	1548443020647	OK	 
USER	Users	28	START	1548443020654	1548443020654
REQUEST	11		Page 3	1548443020466	1548443020699	OK	 
REQUEST	9		Page 4	1548443020530	1548443020731	OK	 
REQUEST	22		Select	1548443020532	1548443020747	OK	 
REQUEST	27		Home Redirect 1	1548443020589	1548443020794	OK	 
REQUEST	17		Page 1	1548443020625	1548443020831	OK	 
REQUEST	20		Page 0	1548443020664	1548443020875	OK	 
REQUEST	15		Page 2	1548443020649	1548443020878	OK	 
REQUEST	25		Search	1548443020798	1548443021000	OK	 
REQUEST	28		Home	1548443020660	1548443021034	OK	 
USER	Users	29	START	1548443021151	1548443021151
REQUEST	28		Home Redirect 1	1548443021035	1548443021240	OK	 
USER	Users	7	END	1548443010652	1548443021308
USER	Users	30	START	1548443021497	1548443021497
REQUEST	16		Page 2	1548443021295	1548443021569	OK	 
REQUEST	18		Page 1	1548443021275	1548443021570	OK	 
REQUEST	12		Page 3	1548443021297	1548443021579	OK	 
REQUEST	23		Select	1548443021331	1548443021581	OK	 
REQUEST	13		Page 3	1548443021309	1548443021583	OK	 
REQUEST	10		Page 4	1548443021317	1548443021595	OK	 
REQUEST	29		Home	1548443021152	1548443021600	OK	 
USER	Users	8	END	1548443011155	1548443021653
USER	Users	9	END	1548443011653	1548443021731
REQUEST	19		Page 1	1548443021520	1548443021756	OK	 
REQUEST	21		Page 0	1548443021541	1548443021758	OK	 
REQUEST	24		Select	1548443021554	1548443021799	OK	 
REQUEST	29		Home Redirect 1	1548443021608	1548443021810	OK	 
REQUEST	14		Page 3	1548443021614	1548443021811	OK	 
REQUEST	26		Search	1548443021577	1548443021808	OK	 
USER	Users	31	START	1548443021824	1548443021824
REQUEST	11		Page 4	1548443021687	1548443021892	OK	 
REQUEST	30		Home	1548443021542	1548443021904	OK	 
REQUEST	22		Page 0	1548443021763	1548443021962	OK	 
REQUEST	17		Page 2	1548443021837	1548443022035	OK	 
REQUEST	27		Search	1548443021816	1548443022031	OK	 
REQUEST	20		Page 1	1548443021874	1548443022062	OK	 
REQUEST	15		Page 3	1548443021875	1548443022077	OK	 
REQUEST	30		Home Redirect 1	1548443021905	1548443022097	OK	 
USER	Users	32	START	1548443022153	1548443022153
REQUEST	25		Select	1548443021992	1548443022192	OK	 
REQUEST	31		Home	1548443021825	1548443022209	OK	 
REQUEST	31		Home Redirect 1	1548443022211	1548443022425	OK	 
REQUEST	28		Search	1548443022264	1548443022464	OK	 
USER	Users	33	START	1548443022481	1548443022481
REQUEST	32		Home	1548443022155	1548443022530	OK	 
USER	Users	10	END	1548443012155	1548443022610
REQUEST	32		Home Redirect 1	1548443022533	1548443022744	OK	 
REQUEST	16		Page 3	1548443022577	1548443022781	OK	 
REQUEST	18		Page 2	1548443022579	1548443022825	OK	 
REQUEST	13		Page 4	1548443022606	1548443022853	OK	 
USER	Users	34	START	1548443022824	1548443022824
REQUEST	12		Page 4	1548443022609	1548443022892	OK	 
REQUEST	23		Page 0	1548443022610	1548443022903	OK	 
REQUEST	33		Home	1548443022482	1548443022914	OK	 
USER	Users	11	END	1548443012653	1548443022932
REQUEST	21		Page 1	1548443022758	1548443022969	OK	 
REQUEST	19		Page 2	1548443022785	1548443023000	OK	 
REQUEST	24		Page 0	1548443022836	1548443023084	OK	 
REQUEST	14		Page 4	1548443022837	1548443023088	OK	 
REQUEST	26		Select	1548443022843	1548443023103	OK	 
REQUEST	29		Search	1548443022841	1548443023107	OK	 
REQUEST	33		Home Redirect 1	1548443022916	1548443023124	OK	 
USER	Users	35	START	1548443023151	1548443023151
REQUEST	22		Page 1	1548443022956	1548443023160	OK	 
REQUEST	27		Select	1548443023042	1548443023277	OK	 
REQUEST	17		Page 3	1548443023038	1548443023283	OK	 
REQUEST	15		Page 4	1548443023083	1548443023294	OK	 
REQUEST	34		Home	1548443022846	1548443023297	OK	 
REQUEST	20		Page 2	1548443023082	1548443023298	OK	 
REQUEST	30		Search	1548443023108	1548443023304	OK	 
REQUEST	25		Page 0	1548443023193	1548443023415	OK	 
USER	Users	36	START	1548443023484	1548443023484
REQUEST	35		Home	1548443023154	1548443023518	OK	 
REQUEST	34		Home Redirect 1	1548443023302	1548443023521	OK	 
REQUEST	31		Search	1548443023452	1548443023665	OK	 
REQUEST	28		Select	1548443023471	1548443023694	OK	 
REQUEST	35		Home Redirect 1	1548443023524	1548443023725	OK	 
USER	Users	37	START	1548443023816	1548443023816
REQUEST	36		Home	1548443023506	1548443023894	OK	 
USER	Users	12	END	1548443013155	1548443023920
REQUEST	16		Page 4	1548443023785	1548443023974	OK	 
REQUEST	32		Search	1548443023763	1548443023995	OK	 
REQUEST	18		Page 3	1548443023853	1548443024054	OK	 
REQUEST	13		Form	1548443023895	1548443024094	OK	 
USER	Users	14	END	1548443013651	1548443024115
REQUEST	36		Home Redirect 1	1548443023897	1548443024153	OK	 
REQUEST	23		Page 1	1548443023921	1548443024177	OK	 
USER	Users	38	START	1548443024145	1548443024145
REQUEST	21		Page 2	1548443023975	1548443024210	OK	 
REQUEST	19		Page 3	1548443024019	1548443024233	OK	 
REQUEST	37		Home	1548443023817	1548443024235	OK	 
USER	Users	15	END	1548443014156	1548443024297
REQUEST	26		Page 0	1548443024116	1548443024353	OK	 
REQUEST	24		Page 1	1548443024112	1548443024360	OK	 
REQUEST	29		Select	1548443024136	1548443024400	OK	 
REQUEST	22		Page 2	1548443024186	1548443024416	OK	 
REQUEST	33		Search	1548443024155	1548443024412	OK	 
REQUEST	37		Home Redirect 1	1548443024237	1548443024448	OK	 
REQUEST	27		Page 0	1548443024277	1548443024495	OK	 
USER	Users	39	START	1548443024473	1548443024473
REQUEST	17		Page 4	1548443024289	1548443024506	OK	 
REQUEST	20		Page 3	1548443024299	1548443024511	OK	 
REQUEST	30		Select	1548443024320	1548443024525	OK	 
REQUEST	38		Home	1548443024172	1548443024587	OK	 
REQUEST	25		Page 1	1548443024431	1548443024634	OK	 
REQUEST	34		Search	1548443024543	1548443024748	OK	 
REQUEST	38		Home Redirect 1	1548443024589	1548443024795	OK	 
USER	Users	40	START	1548443024806	1548443024806
REQUEST	39		Home	1548443024492	1548443024878	OK	 
REQUEST	31		Select	1548443024692	1548443024917	OK	 
REQUEST	28		Page 0	1548443024712	1548443024928	OK	 
REQUEST	35		Search	1548443024737	1548443024936	OK	 
USER	Users	16	END	1548443014646	1548443024982
REQUEST	39		Home Redirect 1	1548443024880	1548443025074	OK	 
USER	Users	41	START	1548443025142	1548443025142
REQUEST	40		Home	1548443024807	1548443025190	OK	 
REQUEST	32		Select	1548443025027	1548443025246	OK	 
REQUEST	18		Page 4	1548443025058	1548443025276	OK	 
REQUEST	13		Post	1548443025097	1548443025313	KO	status.find.is(201), but actually found 400
USER	Users	17	END	1548443015145	1548443025586
USER	Users	42	START	1548443025402	1548443025402
USER	Admins	13	END	1548443013155	1548443025587
REQUEST	23		Page 2	1548443025199	1548443025595	OK	 
REQUEST	40		Home Redirect 1	1548443025199	1548443025595	OK	 
REQUEST	21		Page 3	1548443025229	1548443025598	OK	 
REQUEST	36		Search	1548443025189	1548443025597	OK	 
REQUEST	19		Page 4	1548443025261	1548443025598	OK	 
USER	Users	43	START	1548443025654	1548443025654
REQUEST	41		Home	1548443025143	1548443025745	OK	 
REQUEST	26		Page 1	1548443025580	1548443025758	OK	 
REQUEST	29		Page 0	1548443025585	1548443025759	OK	 
REQUEST	30		Page 0	1548443025586	1548443025772	OK	 
REQUEST	20		Page 4	1548443025586	1548443025773	OK	 
REQUEST	22		Page 3	1548443025585	1548443025779	OK	 
REQUEST	24		Page 2	1548443025585	1548443025781	OK	 
REQUEST	37		Search	1548443025586	1548443025778	OK	 
REQUEST	27		Page 1	1548443025586	1548443025784	OK	 
REQUEST	33		Select	1548443025585	1548443025783	OK	 
REQUEST	25		Page 2	1548443025645	1548443025824	OK	 
USER	Users	44	START	1548443025902	1548443025902
REQUEST	34		Select	1548443025744	1548443025917	OK	 
REQUEST	41		Home Redirect 1	1548443025745	1548443025928	OK	 
REQUEST	42		Home	1548443025585	1548443025943	OK	 
REQUEST	38		Search	1548443025812	1548443025991	OK	 
REQUEST	43		Home	1548443025654	1548443025994	OK	 
REQUEST	31		Page 0	1548443025912	1548443026094	OK	 
REQUEST	28		Page 1	1548443025923	1548443026096	OK	 
REQUEST	42		Home Redirect 1	1548443025944	1548443026118	OK	 
REQUEST	35		Select	1548443025945	1548443026121	OK	 
USER	Users	45	START	1548443026151	1548443026151
REQUEST	43		Home Redirect 1	1548443025994	1548443026166	OK	 
REQUEST	44		Home	1548443025903	1548443026238	OK	 
USER	Users	18	END	1548443015655	1548443026262
REQUEST	39		Search	1548443026083	1548443026269	OK	 
USER	Users	46	START	1548443026402	1548443026402
REQUEST	44		Home Redirect 1	1548443026239	1548443026409	OK	 
REQUEST	32		Page 0	1548443026252	1548443026440	OK	 
REQUEST	45		Home	1548443026152	1548443026494	OK	 
USER	Users	19	END	1548443016152	1548443026595
USER	Users	47	START	1548443026652	1548443026652
REQUEST	45		Home Redirect 1	1548443026494	1548443026663	OK	 
REQUEST	23		Page 3	1548443026595	1548443026767	OK	 
REQUEST	46		Home	1548443026402	1548443026778	OK	 
USER	Users	20	END	1548443016644	1548443026781
REQUEST	36		Select	1548443026606	1548443026789	OK	 
REQUEST	21		Page 4	1548443026606	1548443026789	OK	 
REQUEST	40		Search	1548443026612	1548443026804	OK	 
USER	Users	48	START	1548443026904	1548443026904
REQUEST	29		Page 1	1548443026765	1548443026944	OK	 
REQUEST	26		Page 2	1548443026765	1548443026945	OK	 
REQUEST	30		Page 1	1548443026777	1548443026951	OK	 
REQUEST	24		Page 3	1548443026778	1548443026961	OK	 
REQUEST	46		Home Redirect 1	1548443026779	1548443026962	OK	 
REQUEST	27		Page 2	1548443026782	1548443026964	OK	 
REQUEST	22		Page 4	1548443026782	1548443026968	OK	 
REQUEST	33		Page 0	1548443026783	1548443026968	OK	 
REQUEST	37		Select	1548443026795	1548443026968	OK	 
REQUEST	47		Home	1548443026653	1548443027020	OK	 
REQUEST	25		Page 3	1548443026827	1548443027020	OK	 
REQUEST	34		Page 0	1548443026929	1548443027124	OK	 
REQUEST	41		Search	1548443026946	1548443027137	OK	 
USER	Users	49	START	1548443027153	1548443027153
REQUEST	38		Select	1548443026994	1548443027174	OK	 
REQUEST	47		Home Redirect 1	1548443027020	1548443027201	OK	 
REQUEST	48		Home	1548443026905	1548443027266	OK	 
REQUEST	28		Page 2	1548443027102	1548443027298	OK	 
REQUEST	35		Page 0	1548443027123	1548443027312	OK	 
REQUEST	42		Search	1548443027135	1548443027314	OK	 
REQUEST	31		Page 1	1548443027115	1548443027328	OK	 
REQUEST	43		Search	1548443027184	1548443027372	OK	 
USER	Users	50	START	1548443027405	1548443027405
REQUEST	48		Home Redirect 1	1548443027266	1548443027445	OK	 
REQUEST	39		Select	1548443027275	1548443027470	OK	 
REQUEST	49		Home	1548443027154	1548443027497	OK	 
REQUEST	44		Search	1548443027422	1548443027600	OK	 
REQUEST	32		Page 1	1548443027442	1548443027623	OK	 
USER	Users	51	START	1548443027651	1548443027651
REQUEST	49		Home Redirect 1	1548443027498	1548443027669	OK	 
REQUEST	50		Home	1548443027407	1548443027788	OK	 
USER	Users	21	END	1548443017152	1548443027794
REQUEST	45		Search	1548443027684	1548443027860	OK	 
USER	Users	52	START	1548443027901	1548443027901
REQUEST	23		Page 4	1548443027769	1548443027947	OK	 
REQUEST	36		Page 0	1548443027794	1548443027984	OK	 
USER	Users	22	END	1548443017653	1548443027986
REQUEST	50		Home Redirect 1	1548443027793	1548443027996	OK	 
REQUEST	51		Home	1548443027652	1548443028003	OK	 
REQUEST	40		Select	1548443027814	1548443028006	OK	 
REQUEST	26		Page 3	1548443027934	1548443028110	OK	 
REQUEST	29		Page 2	1548443027947	1548443028120	OK	 
REQUEST	30		Page 2	1548443027964	1548443028137	OK	 
REQUEST	37		Page 0	1548443027969	1548443028145	OK	 
REQUEST	33		Page 1	1548443027964	1548443028152	OK	 
REQUEST	24		Page 4	1548443027965	1548443028151	OK	 
USER	Users	53	START	1548443028155	1548443028155
REQUEST	27		Page 3	1548443027980	1548443028167	OK	 
REQUEST	46		Search	1548443027986	1548443028179	OK	 
REQUEST	51		Home Redirect 1	1548443028005	1548443028191	OK	 
REQUEST	25		Page 4	1548443028013	1548443028198	OK	 
REQUEST	52		Home	1548443027903	1548443028274	OK	 
REQUEST	34		Page 1	1548443028124	1548443028303	OK	 
REQUEST	41		Select	1548443028134	1548443028326	OK	 
REQUEST	38		Page 0	1548443028181	1548443028376	OK	 
USER	Users	54	START	1548443028391	1548443028391
REQUEST	47		Search	1548443028213	1548443028395	OK	 
REQUEST	52		Home Redirect 1	1548443028274	1548443028464	OK	 
REQUEST	28		Page 3	1548443028303	1548443028477	OK	 
REQUEST	35		Page 1	1548443028313	1548443028497	OK	 
REQUEST	53		Home	1548443028155	1548443028508	OK	 
REQUEST	42		Select	1548443028325	1548443028509	OK	 
REQUEST	31		Page 2	1548443028313	1548443028515	OK	 
REQUEST	43		Select	1548443028381	1548443028555	OK	 
REQUEST	48		Search	1548443028465	1548443028635	OK	 
USER	Users	55	START	1548443028641	1548443028641
REQUEST	39		Page 0	1548443028474	1548443028652	OK	 
REQUEST	53		Home Redirect 1	1548443028509	1548443028680	OK	 
REQUEST	54		Home	1548443028391	1548443028728	OK	 
REQUEST	44		Select	1548443028607	1548443028783	OK	 
REQUEST	32		Page 2	1548443028621	1548443028799	OK	 
REQUEST	49		Search	1548443028683	1548443028858	OK	 
USER	Users	56	START	1548443028892	1548443028892
REQUEST	54		Home Redirect 1	1548443028728	1548443028904	OK	 
USER	Users	23	END	1548443018156	1548443028954
REQUEST	55		Home	1548443028641	1548443028982	OK	 
REQUEST	45		Select	1548443028852	1548443029027	OK	 
USER	Users	57	START	1548443029141	1548443029141
REQUEST	36		Page 1	1548443028977	1548443029154	OK	 
USER	Users	24	END	1548443018642	1548443029156
REQUEST	55		Home Redirect 1	1548443028983	1548443029174	OK	 
REQUEST	40		Page 0	1548443029002	1548443029185	OK	 
REQUEST	50		Search	1548443029002	1548443029186	OK	 
USER	Users	25	END	1548443019143	1548443029207
REQUEST	56		Home	1548443028893	1548443029244	OK	 
REQUEST	26		Page 4	1548443029130	1548443029303	OK	 
REQUEST	29		Page 3	1548443029130	1548443029313	OK	 
REQUEST	37		Page 1	1548443029150	1548443029332	OK	 
REQUEST	30		Page 3	1548443029135	1548443029332	OK	 
REQUEST	33		Page 2	1548443029156	1548443029363	OK	 
REQUEST	27		Page 4	1548443029157	1548443029363	OK	 
REQUEST	46		Select	1548443029172	1548443029363	OK	 
REQUEST	51		Search	1548443029208	1548443029387	OK	 
USER	Users	58	START	1548443029403	1548443029403
REQUEST	56		Home Redirect 1	1548443029245	1548443029431	OK	 
REQUEST	34		Page 2	1548443029316	1548443029519	OK	 
REQUEST	57		Home	1548443029150	1548443029533	OK	 
REQUEST	41		Page 0	1548443029332	1548443029550	OK	 
REQUEST	38		Page 1	1548443029363	1548443029581	OK	 
REQUEST	47		Select	1548443029404	1548443029626	OK	 
USER	Users	59	START	1548443029651	1548443029651
REQUEST	28		Page 4	1548443029482	1548443029696	OK	 
REQUEST	35		Page 2	1548443029493	1548443029713	OK	 
REQUEST	52		Search	1548443029482	1548443029717	OK	 
REQUEST	42		Page 0	1548443029503	1548443029719	OK	 
REQUEST	57		Home Redirect 1	1548443029534	1548443029747	OK	 
REQUEST	31		Page 3	1548443029534	1548443029758	OK	 
REQUEST	43		Page 0	1548443029555	1548443029768	OK	 
REQUEST	48		Select	1548443029622	1548443029816	OK	 
REQUEST	58		Home	1548443029405	1548443029825	OK	 
REQUEST	39		Page 1	1548443029662	1548443029867	OK	 
REQUEST	53		Search	1548443029694	1548443029877	OK	 
USER	Users	60	START	1548443029903	1548443029903
REQUEST	44		Page 0	1548443029781	1548443029954	OK	 
REQUEST	32		Page 3	1548443029804	1548443029988	OK	 
REQUEST	58		Home Redirect 1	1548443029825	1548443030007	OK	 
REQUEST	59		Home	1548443029652	1548443030014	OK	 
REQUEST	49		Select	1548443029861	1548443030034	OK	 
REQUEST	54		Search	1548443029926	1548443030098	OK	 
USER	Users	61	START	1548443030154	1548443030154
REQUEST	59		Home Redirect 1	1548443030014	1548443030186	OK	 
REQUEST	45		Page 0	1548443030035	1548443030215	OK	 
REQUEST	60		Home	1548443029904	1548443030245	OK	 
USER	Users	26	END	1548443019655	1548443030296
REQUEST	36		Page 2	1548443030176	1548443030349	OK	 
REQUEST	55		Search	1548443030191	1548443030366	OK	 
REQUEST	40		Page 1	1548443030191	1548443030379	OK	 
REQUEST	50		Select	1548443030202	1548443030384	OK	 
USER	Users	27	END	1548443020151	1548443030387
USER	Users	62	START	1548443030405	1548443030405
REQUEST	60		Home Redirect 1	1548443030245	1548443030443	OK	 
REQUEST	29		Page 4	1548443030301	1548443030474	OK	 
REQUEST	61		Home	1548443030155	1548443030494	OK	 
REQUEST	30		Page 4	1548443030333	1548443030502	OK	 
REQUEST	37		Page 2	1548443030343	1548443030513	OK	 
REQUEST	33		Page 3	1548443030376	1548443030562	OK	 
REQUEST	51		Select	1548443030397	1548443030566	OK	 
REQUEST	46		Page 0	1548443030387	1548443030573	OK	 
REQUEST	56		Search	1548443030442	1548443030615	OK	 
USER	Users	63	START	1548443030656	1548443030656
REQUEST	61		Home Redirect 1	1548443030494	1548443030667	OK	 
REQUEST	34		Page 3	1548443030505	1548443030682	OK	 
USER	Users	28	END	1548443020654	1548443030691
REQUEST	41		Page 1	1548443030542	1548443030723	OK	 
REQUEST	62		Home	1548443030407	1548443030760	OK	 
REQUEST	38		Page 2	1548443030583	1548443030771	OK	 
REQUEST	47		Page 0	1548443030614	1548443030795	OK	 
REQUEST	42		Page 1	1548443030722	1548443030899	OK	 
REQUEST	35		Page 3	1548443030733	1548443030910	OK	 
USER	Users	64	START	1548443030905	1548443030905
REQUEST	52		Select	1548443030723	1548443030912	OK	 
REQUEST	62		Home Redirect 1	1548443030761	1548443030934	OK	 
REQUEST	43		Page 1	1548443030754	1548443030936	OK	 
REQUEST	31		Page 4	1548443030754	1548443030944	OK	 
REQUEST	57		Search	1548443030765	1548443030939	OK	 
REQUEST	63		Home	1548443030657	1548443031002	OK	 
REQUEST	48		Page 0	1548443030842	1548443031029	OK	 
REQUEST	39		Page 2	1548443030853	1548443031034	OK	 
REQUEST	53		Select	1548443030885	1548443031066	OK	 
REQUEST	44		Page 1	1548443030953	1548443031129	OK	 
USER	Users	65	START	1548443031153	1548443031153
REQUEST	63		Home Redirect 1	1548443031006	1548443031180	OK	 
REQUEST	32		Page 4	1548443030994	1548443031180	OK	 
REQUEST	58		Search	1548443031024	1548443031220	OK	 
REQUEST	49		Page 0	1548443031045	1548443031221	OK	 
REQUEST	64		Home	1548443030909	1548443031257	OK	 
REQUEST	54		Select	1548443031091	1548443031263	OK	 
REQUEST	59		Search	1548443031194	1548443031366	OK	 
REQUEST	45		Page 1	1548443031226	1548443031395	OK	 
USER	Users	66	START	1548443031401	1548443031401
REQUEST	64		Home Redirect 1	1548443031257	1548443031434	OK	 
USER	Users	29	END	1548443021151	1548443031481
REQUEST	65		Home	1548443031154	1548443031513	OK	 
USER	Users	30	END	1548443021497	1548443031512
REQUEST	36		Page 3	1548443031356	1548443031527	OK	 
REQUEST	55		Select	1548443031376	1548443031549	OK	 
REQUEST	50		Page 0	1548443031376	1548443031565	OK	 
REQUEST	40		Page 2	1548443031376	1548443031565	OK	 
REQUEST	60		Search	1548443031466	1548443031641	OK	 
USER	Users	67	START	1548443031651	1548443031651
REQUEST	37		Page 3	1548443031513	1548443031684	OK	 
REQUEST	65		Home Redirect 1	1548443031513	1548443031694	OK	 
REQUEST	66		Home	1548443031401	1548443031740	OK	 
REQUEST	51		Page 0	1548443031566	1548443031742	OK	 
REQUEST	33		Page 4	1548443031566	1548443031758	OK	 
REQUEST	46		Page 1	1548443031575	1548443031760	OK	 
REQUEST	56		Select	1548443031627	1548443031797	OK	 
REQUEST	61		Search	1548443031673	1548443031845	OK	 
REQUEST	34		Page 4	1548443031683	1548443031860	OK	 
USER	Users	68	START	1548443031906	1548443031906
REQUEST	66		Home Redirect 1	1548443031740	1548443031912	OK	 
REQUEST	41		Page 2	1548443031737	1548443031918	OK	 
USER	Users	31	END	1548443021824	1548443031931
REQUEST	38		Page 3	1548443031776	1548443031968	OK	 
REQUEST	67		Home	1548443031651	1548443031995	OK	 
REQUEST	47		Page 1	1548443031812	1548443031995	OK	 
REQUEST	42		Page 2	1548443031906	1548443032090	OK	 
REQUEST	35		Page 4	1548443031906	1548443032090	OK	 
REQUEST	52		Page 0	1548443031908	1548443032120	OK	 
REQUEST	57		Select	1548443031932	1548443032122	OK	 
REQUEST	43		Page 2	1548443031931	1548443032122	OK	 
REQUEST	62		Search	1548443031942	1548443032122	OK	 
USER	Users	69	START	1548443032154	1548443032154
REQUEST	67		Home Redirect 1	1548443031995	1548443032172	OK	 
USER	Users	32	END	1548443022153	1548443032175
REQUEST	48		Page 1	1548443032025	1548443032197	OK	 
REQUEST	39		Page 3	1548443032046	1548443032232	OK	 
REQUEST	53		Page 0	1548443032072	1548443032250	OK	 
REQUEST	68		Home	1548443031909	1548443032253	OK	 
REQUEST	44		Page 2	1548443032133	1548443032304	OK	 
REQUEST	63		Search	1548443032196	1548443032369	OK	 
REQUEST	49		Page 1	1548443032216	1548443032396	OK	 
USER	Users	70	START	1548443032403	1548443032403
REQUEST	58		Select	1548443032226	1548443032410	OK	 
REQUEST	68		Home Redirect 1	1548443032254	1548443032424	OK	 
REQUEST	54		Page 0	1548443032274	1548443032459	OK	 
REQUEST	69		Home	1548443032155	1548443032513	OK	 
REQUEST	45		Page 2	1548443032383	1548443032563	OK	 
REQUEST	59		Select	1548443032383	1548443032566	OK	 
REQUEST	64		Search	1548443032456	1548443032628	OK	 
USER	Users	71	START	1548443032653	1548443032653
REQUEST	69		Home Redirect 1	1548443032513	1548443032696	OK	 
REQUEST	36		Page 4	1548443032524	1548443032697	OK	 
REQUEST	55		Page 0	1548443032545	1548443032724	OK	 
REQUEST	70		Home	1548443032403	1548443032738	OK	 
USER	Users	33	END	1548443022481	1548443032753
REQUEST	40		Page 3	1548443032577	1548443032762	OK	 
REQUEST	50		Page 1	1548443032577	1548443032774	OK	 
REQUEST	60		Select	1548443032633	1548443032805	OK	 
REQUEST	37		Page 4	1548443032685	1548443032863	OK	 
USER	Users	34	END	1548443022824	1548443032863
USER	Users	72	START	1548443032902	1548443032902
REQUEST	70		Home Redirect 1	1548443032739	1548443032921	OK	 
REQUEST	51		Page 1	1548443032743	1548443032921	OK	 
REQUEST	65		Search	1548443032716	1548443032920	OK	 
REQUEST	46		Page 2	1548443032752	1548443032957	OK	 
REQUEST	56		Page 0	1548443032784	1548443032972	OK	 
REQUEST	71		Home	1548443032654	1548443033019	OK	 
REQUEST	61		Select	1548443032852	1548443033047	OK	 
USER	Users	35	END	1548443023151	1548443033087
REQUEST	41		Page 3	1548443032919	1548443033107	OK	 
REQUEST	66		Search	1548443032934	1548443033114	OK	 
USER	Users	73	START	1548443033155	1548443033155
REQUEST	38		Page 4	1548443032979	1548443033172	OK	 
REQUEST	47		Page 2	1548443032992	1548443033173	OK	 
REQUEST	71		Home Redirect 1	1548443033020	1548443033202	OK	 
REQUEST	42		Page 3	1548443033088	1548443033267	OK	 
REQUEST	72		Home	1548443032905	1548443033276	OK	 
REQUEST	62		Select	1548443033135	1548443033312	OK	 
REQUEST	52		Page 1	1548443033123	1548443033312	OK	 
REQUEST	57		Page 0	1548443033135	1548443033312	OK	 
REQUEST	43		Page 3	1548443033150	1548443033332	OK	 
REQUEST	67		Search	1548443033186	1548443033361	OK	 
REQUEST	48		Page 2	1548443033202	1548443033378	OK	 
USER	Users	74	START	1548443033404	1548443033404
REQUEST	53		Page 1	1548443033243	1548443033422	OK	 
REQUEST	39		Page 4	1548443033232	1548443033422	OK	 
REQUEST	72		Home Redirect 1	1548443033276	1548443033458	OK	 
REQUEST	44		Page 3	1548443033317	1548443033491	OK	 
REQUEST	73		Home	1548443033157	1548443033524	OK	 
REQUEST	63		Select	1548443033372	1548443033545	OK	 
REQUEST	49		Page 2	1548443033394	1548443033572	OK	 
REQUEST	58		Page 0	1548443033405	1548443033601	OK	 
REQUEST	68		Search	1548443033442	1548443033617	OK	 
REQUEST	54		Page 1	1548443033451	1548443033639	OK	 
USER	Users	75	START	1548443033653	1548443033653
USER	Users	36	END	1548443023484	1548443033696
REQUEST	73		Home Redirect 1	1548443033524	1548443033707	OK	 
REQUEST	59		Page 0	1548443033567	1548443033745	OK	 
REQUEST	45		Page 3	1548443033581	1548443033752	OK	 
REQUEST	74		Home	1548443033405	1548443033788	OK	 
REQUEST	64		Select	1548443033623	1548443033806	OK	 
USER	Users	37	END	1548443023816	1548443033863
REQUEST	55		Page 1	1548443033711	1548443033885	OK	 
REQUEST	69		Search	1548443033711	1548443033896	OK	 
USER	Users	76	START	1548443033906	1548443033906
REQUEST	40		Page 4	1548443033754	1548443033937	OK	 
REQUEST	50		Page 2	1548443033776	1548443033959	OK	 
REQUEST	74		Home Redirect 1	1548443033789	1548443033971	OK	 
REQUEST	60		Page 0	1548443033806	1548443033982	OK	 
REQUEST	75		Home	1548443033655	1548443033997	OK	 
REQUEST	51		Page 2	1548443033911	1548443034086	OK	 
REQUEST	65		Select	1548443033911	1548443034098	OK	 
REQUEST	70		Search	1548443033931	1548443034107	OK	 
USER	Users	77	START	1548443034154	1548443034154
REQUEST	46		Page 3	1548443033952	1548443034165	OK	 
REQUEST	56		Page 1	1548443033984	1548443034165	OK	 
USER	Users	38	END	1548443024145	1548443034165
REQUEST	75		Home Redirect 1	1548443033998	1548443034173	OK	 
REQUEST	61		Page 0	1548443034052	1548443034232	OK	 
REQUEST	76		Home	1548443033906	1548443034243	OK	 
REQUEST	66		Select	1548443034103	1548443034280	OK	 
REQUEST	41		Page 4	1548443034113	1548443034297	OK	 
REQUEST	47		Page 3	1548443034176	1548443034366	OK	 
REQUEST	71		Search	1548443034212	1548443034384	OK	 
USER	Users	78	START	1548443034391	1548443034391
REQUEST	76		Home Redirect 1	1548443034243	1548443034415	OK	 
USER	Users	39	END	1548443024473	1548443034423
REQUEST	42		Page 4	1548443034273	1548443034447	OK	 
REQUEST	62		Page 0	1548443034315	1548443034497	OK	 
REQUEST	57		Page 1	1548443034315	1548443034497	OK	 
REQUEST	52		Page 2	1548443034315	1548443034501	OK	 
REQUEST	43		Page 4	1548443034327	1548443034502	OK	 
REQUEST	67		Select	1548443034371	1548443034543	OK	 
REQUEST	48		Page 3	1548443034371	1548443034543	OK	 
REQUEST	77		Home	1548443034154	1548443034544	OK	 
REQUEST	53		Page 2	1548443034423	1548443034600	OK	 
USER	Users	79	START	1548443034644	1548443034644
REQUEST	72		Search	1548443034476	1548443034658	OK	 
REQUEST	44		Page 4	1548443034486	1548443034666	OK	 
REQUEST	63		Page 0	1548443034553	1548443034732	OK	 
REQUEST	77		Home Redirect 1	1548443034545	1548443034732	OK	 
REQUEST	78		Home	1548443034391	1548443034740	OK	 
REQUEST	49		Page 3	1548443034573	1548443034745	OK	 
REQUEST	68		Select	1548443034624	1548443034796	OK	 
REQUEST	58		Page 1	1548443034614	1548443034798	OK	 
REQUEST	54		Page 2	1548443034645	1548443034832	OK	 
USER	Users	80	START	1548443034891	1548443034891
REQUEST	73		Search	1548443034713	1548443034905	OK	 
REQUEST	45		Page 4	1548443034743	1548443034918	OK	 
REQUEST	59		Page 1	1548443034743	1548443034920	OK	 
REQUEST	78		Home Redirect 1	1548443034743	1548443034920	OK	 
USER	Users	40	END	1548443024806	1548443034945
REQUEST	64		Page 0	1548443034816	1548443034990	OK	 
REQUEST	79		Home	1548443034645	1548443035012	OK	 
REQUEST	69		Select	1548443034903	1548443035086	OK	 
REQUEST	55		Page 2	1548443034903	1548443035086	OK	 
USER	Users	81	START	1548443035141	1548443035141
REQUEST	50		Page 3	1548443034955	1548443035149	OK	 
REQUEST	60		Page 1	1548443034991	1548443035163	OK	 
REQUEST	74		Search	1548443034987	1548443035173	OK	 
REQUEST	79		Home Redirect 1	1548443035013	1548443035201	OK	 
REQUEST	80		Home	1548443034892	1548443035234	OK	 
REQUEST	51		Page 3	1548443035095	1548443035266	OK	 
REQUEST	65		Page 0	1548443035105	1548443035287	OK	 
REQUEST	70		Select	1548443035116	1548443035297	OK	 
USER	Users	41	END	1548443025142	1548443035302
REQUEST	56		Page 2	1548443035172	1548443035344	OK	 
REQUEST	46		Page 4	1548443035173	1548443035363	OK	 
REQUEST	75		Search	1548443035184	1548443035363	OK	 
USER	Users	82	START	1548443035401	1548443035401
REQUEST	80		Home Redirect 1	1548443035234	1548443035405	OK	 
REQUEST	61		Page 1	1548443035247	1548443035425	OK	 
USER	Users	42	END	1548443025402	1548443035454
REQUEST	66		Page 0	1548443035292	1548443035470	OK	 
USER	Users	43	END	1548443025654	1548443035503
REQUEST	81		Home	1548443035142	1548443035519	OK	 
REQUEST	47		Page 4	1548443035356	1548443035541	OK	 
REQUEST	71		Select	1548443035392	1548443035574	OK	 
REQUEST	76		Search	1548443035434	1548443035613	OK	 
USER	Users	83	START	1548443035655	1548443035655
USER	Users	44	END	1548443025902	1548443035667
REQUEST	62		Page 1	1548443035503	1548443035684	OK	 
REQUEST	57		Page 2	1548443035502	1548443035684	OK	 
REQUEST	52		Page 3	1548443035503	1548443035689	OK	 
REQUEST	81		Home Redirect 1	1548443035519	1548443035699	OK	 
REQUEST	67		Page 0	1548443035544	1548443035722	OK	 
REQUEST	48		Page 4	1548443035553	1548443035726	OK	 
REQUEST	82		Home	1548443035402	1548443035752	OK	 
REQUEST	53		Page 3	1548443035602	1548443035774	OK	 
REQUEST	72		Select	1548443035667	1548443035856	OK	 
USER	Users	84	START	1548443035901	1548443035901
REQUEST	63		Page 1	1548443035735	1548443035907	OK	 
USER	Users	45	END	1548443026151	1548443035923
REQUEST	82		Home Redirect 1	1548443035752	1548443035925	OK	 
REQUEST	49		Page 4	1548443035757	1548443035938	OK	 
REQUEST	77		Search	1548443035757	1548443035948	OK	 
REQUEST	68		Page 0	1548443035796	1548443035979	OK	 
REQUEST	58		Page 2	1548443035796	1548443035983	OK	 
REQUEST	83		Home	1548443035656	1548443036003	OK	 
REQUEST	54		Page 3	1548443035836	1548443036007	OK	 
REQUEST	59		Page 2	1548443035912	1548443036085	OK	 
REQUEST	73		Select	1548443035923	1548443036114	OK	 
REQUEST	78		Search	1548443035934	1548443036115	OK	 
REQUEST	64		Page 1	1548443035985	1548443036155	OK	 
USER	Users	85	START	1548443036156	1548443036156
REQUEST	83		Home Redirect 1	1548443036003	1548443036177	OK	 
REQUEST	84		Home	1548443035902	1548443036242	OK	 
REQUEST	55		Page 3	1548443036086	1548443036260	OK	 
REQUEST	69		Page 0	1548443036086	1548443036268	OK	 
REQUEST	60		Page 2	1548443036161	1548443036331	OK	 
REQUEST	50		Page 4	1548443036157	1548443036342	OK	 
USER	Users	46	END	1548443026402	1548443036355
REQUEST	74		Select	1548443036182	1548443036372	OK	 
REQUEST	79		Search	1548443036215	1548443036401	OK	 
USER	Users	86	START	1548443036401	1548443036401
REQUEST	84		Home Redirect 1	1548443036243	1548443036414	OK	 
REQUEST	51		Page 4	1548443036262	1548443036433	OK	 
REQUEST	65		Page 1	1548443036283	1548443036466	OK	 
REQUEST	70		Page 0	1548443036304	1548443036476	OK	 
REQUEST	85		Home	1548443036157	1548443036496	OK	 
REQUEST	56		Page 3	1548443036334	1548443036504	OK	 
REQUEST	75		Select	1548443036366	1548443036542	OK	 
USER	Users	47	END	1548443026652	1548443036542
REQUEST	61		Page 2	1548443036423	1548443036598	OK	 
REQUEST	80		Search	1548443036423	1548443036599	OK	 
REQUEST	66		Page 1	1548443036465	1548443036644	OK	 
USER	Users	87	START	1548443036651	1548443036651
REQUEST	85		Home Redirect 1	1548443036496	1548443036667	OK	 
USER	Users	48	END	1548443026904	1548443036727
REQUEST	86		Home	1548443036402	1548443036738	OK	 
REQUEST	71		Page 0	1548443036575	1548443036752	OK	 
REQUEST	76		Select	1548443036621	1548443036796	OK	 
REQUEST	62		Page 2	1548443036684	1548443036868	OK	 
REQUEST	57		Page 3	1548443036684	1548443036868	OK	 
REQUEST	52		Page 4	1548443036695	1548443036879	OK	 
REQUEST	67		Page 1	1548443036716	1548443036891	OK	 
REQUEST	81		Search	1548443036716	1548443036897	OK	 
USER	Users	88	START	1548443036902	1548443036902
REQUEST	86		Home Redirect 1	1548443036738	1548443036910	OK	 
USER	Users	49	END	1548443027153	1548443036935
REQUEST	53		Page 4	1548443036782	1548443036972	OK	 
REQUEST	87		Home	1548443036653	1548443036989	OK	 
REQUEST	72		Page 0	1548443036857	1548443037049	OK	 
REQUEST	63		Page 2	1548443036903	1548443037080	OK	 
REQUEST	82		Search	1548443036946	1548443037121	OK	 
REQUEST	77		Select	1548443036946	1548443037134	OK	 
USER	Users	89	START	1548443037153	1548443037153
REQUEST	68		Page 1	1548443036981	1548443037158	OK	 
REQUEST	58		Page 3	1548443036971	1548443037158	OK	 
REQUEST	87		Home Redirect 1	1548443036989	1548443037160	OK	 
REQUEST	54		Page 4	1548443036992	1548443037166	OK	 
REQUEST	88		Home	1548443036903	1548443037249	OK	 
REQUEST	59		Page 3	1548443037085	1548443037260	OK	 
REQUEST	78		Select	1548443037121	1548443037294	OK	 
REQUEST	73		Page 0	1548443037118	1548443037300	OK	 
REQUEST	64		Page 2	1548443037153	1548443037325	OK	 
USER	Users	50	END	1548443027405	1548443037331
REQUEST	83		Search	1548443037192	1548443037365	OK	 
USER	Users	90	START	1548443037405	1548443037405
REQUEST	88		Home Redirect 1	1548443037249	1548443037429	OK	 
REQUEST	55		Page 4	1548443037263	1548443037433	OK	 
USER	Users	51	END	1548443027651	1548443037441
REQUEST	69		Page 1	1548443037263	1548443037442	OK	 
REQUEST	89		Home	1548443037153	1548443037491	OK	 
REQUEST	60		Page 3	1548443037331	1548443037507	OK	 
REQUEST	74		Page 0	1548443037363	1548443037545	OK	 
REQUEST	79		Select	1548443037417	1548443037599	OK	 
REQUEST	84		Search	1548443037431	1548443037611	OK	 
REQUEST	70		Page 1	1548443037473	1548443037645	OK	 
REQUEST	65		Page 2	1548443037473	1548443037656	OK	 
USER	Users	91	START	1548443037655	1548443037655
REQUEST	89		Home Redirect 1	1548443037491	1548443037662	OK	 
REQUEST	56		Page 4	1548443037504	1548443037683	OK	 
REQUEST	75		Page 0	1548443037556	1548443037729	OK	 
REQUEST	90		Home	1548443037406	1548443037746	OK	 
REQUEST	61		Page 3	1548443037592	1548443037763	OK	 
REQUEST	80		Select	1548443037603	1548443037781	OK	 
REQUEST	66		Page 2	1548443037656	1548443037826	OK	 
REQUEST	85		Search	1548443037682	1548443037859	OK	 
USER	Users	52	END	1548443027901	1548443037872
USER	Users	92	START	1548443037902	1548443037902
REQUEST	90		Home Redirect 1	1548443037746	1548443037916	OK	 
REQUEST	71		Page 1	1548443037756	1548443037935	OK	 
REQUEST	76		Page 0	1548443037793	1548443037964	OK	 
USER	Users	53	END	1548443028155	1548443037966
REQUEST	91		Home	1548443037656	1548443038001	OK	 
REQUEST	57		Page 4	1548443037856	1548443038027	OK	 
REQUEST	62		Page 3	1548443037867	1548443038038	OK	 
REQUEST	67		Page 2	1548443037892	1548443038067	OK	 
REQUEST	81		Select	1548443037902	1548443038079	OK	 
REQUEST	86		Search	1548443037923	1548443038107	OK	 
REQUEST	91		Home Redirect 1	1548443038001	1548443038174	OK	 
USER	Users	54	END	1548443028391	1548443038187
REQUEST	72		Page 1	1548443038044	1548443038225	OK	 
REQUEST	92		Home	1548443037902	1548443038254	OK	 
REQUEST	63		Page 3	1548443038077	1548443038254	OK	 
REQUEST	82		Select	1548443038124	1548443038296	OK	 
REQUEST	77		Page 0	1548443038134	1548443038328	OK	 
REQUEST	68		Page 2	1548443038155	1548443038328	OK	 
REQUEST	87		Search	1548443038176	1548443038349	OK	 
REQUEST	58		Page 4	1548443038176	1548443038359	OK	 
USER	Users	55	END	1548443028641	1548443038425
REQUEST	92		Home Redirect 1	1548443038255	1548443038433	OK	 
REQUEST	59		Page 4	1548443038264	1548443038437	OK	 
REQUEST	78		Page 0	1548443038306	1548443038477	OK	 
REQUEST	73		Page 1	1548443038295	1548443038478	OK	 
REQUEST	64		Page 3	1548443038321	1548443038504	OK	 
REQUEST	83		Select	1548443038372	1548443038544	OK	 
REQUEST	88		Search	1548443038436	1548443038608	OK	 
REQUEST	69		Page 2	1548443038457	1548443038650	OK	 
USER	Users	56	END	1548443028892	1548443038683
REQUEST	60		Page 4	1548443038512	1548443038688	OK	 
REQUEST	74		Page 1	1548443038553	1548443038736	OK	 
REQUEST	79		Page 0	1548443038595	1548443038776	OK	 
REQUEST	84		Select	1548443038616	1548443038790	OK	 
REQUEST	70		Page 2	1548443038652	1548443038828	OK	 
REQUEST	65		Page 3	1548443038652	1548443038841	OK	 
REQUEST	89		Search	1548443038673	1548443038855	OK	 
REQUEST	75		Page 1	1548443038725	1548443038911	OK	 
REQUEST	61		Page 4	1548443038761	1548443038961	OK	 
REQUEST	80		Page 0	1548443038782	1548443038976	OK	 
REQUEST	66		Page 3	1548443038825	1548443039015	OK	 
USER	Users	57	END	1548443029141	1548443039047
REQUEST	85		Select	1548443038866	1548443039069	OK	 
REQUEST	90		Search	1548443038933	1548443039109	OK	 
REQUEST	71		Page 2	1548443038944	1548443039126	OK	 
REQUEST	76		Page 1	1548443038958	1548443039139	OK	 
REQUEST	62		Page 4	1548443039050	1548443039231	OK	 
REQUEST	67		Page 3	1548443039072	1548443039275	OK	 
REQUEST	81		Page 0	1548443039072	1548443039283	OK	 
REQUEST	86		Select	1548443039114	1548443039310	OK	 
USER	Users	58	END	1548443029403	1548443039352
REQUEST	91		Search	1548443039188	1548443039370	OK	 
REQUEST	72		Page 2	1548443039225	1548443039431	OK	 
USER	Users	59	END	1548443029651	1548443039448
REQUEST	63		Page 4	1548443039267	1548443039448	OK	 
REQUEST	82		Page 0	1548443039296	1548443039476	OK	 
REQUEST	77		Page 1	1548443039322	1548443039512	OK	 
REQUEST	68		Page 3	1548443039333	1548443039513	OK	 
REQUEST	87		Select	1548443039352	1548443039536	OK	 
REQUEST	78		Page 1	1548443039462	1548443039646	OK	 
REQUEST	92		Search	1548443039454	1548443039645	OK	 
REQUEST	73		Page 2	1548443039484	1548443039670	OK	 
USER	Users	60	END	1548443029903	1548443039685
REQUEST	64		Page 4	1548443039524	1548443039707	OK	 
REQUEST	83		Page 0	1548443039546	1548443039726	OK	 
REQUEST	88		Select	1548443039623	1548443039803	OK	 
REQUEST	69		Page 3	1548443039645	1548443039832	OK	 
REQUEST	74		Page 2	1548443039733	1548443039934	OK	 
REQUEST	79		Page 1	1548443039764	1548443039951	OK	 
USER	Users	61	END	1548443030154	1548443039962
REQUEST	84		Page 0	1548443039796	1548443039977	OK	 
REQUEST	70		Page 3	1548443039828	1548443040000	OK	 
REQUEST	65		Page 4	1548443039842	1548443040035	OK	 
REQUEST	89		Select	1548443039865	1548443040038	OK	 
REQUEST	75		Page 2	1548443039916	1548443040092	OK	 
REQUEST	80		Page 1	1548443039972	1548443040145	OK	 
REQUEST	66		Page 4	1548443040013	1548443040193	OK	 
USER	Users	62	END	1548443030405	1548443040227
REQUEST	85		Page 0	1548443040055	1548443040227	OK	 
REQUEST	90		Select	1548443040113	1548443040284	OK	 
REQUEST	71		Page 3	1548443040123	1548443040302	OK	 
REQUEST	76		Page 2	1548443040143	1548443040315	OK	 
USER	Users	63	END	1548443030656	1548443040445
REQUEST	67		Page 4	1548443040273	1548443040451	OK	 
REQUEST	81		Page 1	1548443040283	1548443040460	OK	 
REQUEST	86		Page 0	1548443040304	1548443040475	OK	 
REQUEST	91		Select	1548443040383	1548443040555	OK	 
REQUEST	72		Page 3	1548443040435	1548443040620	OK	 
REQUEST	82		Page 1	1548443040477	1548443040652	OK	 
REQUEST	68		Page 4	1548443040502	1548443040679	OK	 
REQUEST	77		Page 2	1548443040513	1548443040694	OK	 
USER	Users	64	END	1548443030905	1548443040707
REQUEST	87		Page 0	1548443040545	1548443040728	OK	 
REQUEST	78		Page 2	1548443040654	1548443040840	OK	 
REQUEST	92		Select	1548443040654	1548443040843	OK	 
REQUEST	73		Page 3	1548443040664	1548443040848	OK	 
REQUEST	83		Page 1	1548443040731	1548443040909	OK	 
REQUEST	88		Page 0	1548443040805	1548443041000	OK	 
REQUEST	69		Page 4	1548443040836	1548443041023	OK	 
USER	Users	65	END	1548443031153	1548443041046
REQUEST	74		Page 3	1548443040937	1548443041126	OK	 
REQUEST	84		Page 1	1548443040974	1548443041162	OK	 
REQUEST	79		Page 2	1548443040974	1548443041171	OK	 
REQUEST	70		Page 4	1548443040994	1548443041172	OK	 
USER	Users	66	END	1548443031401	1548443041192
REQUEST	89		Page 0	1548443041048	1548443041222	OK	 
REQUEST	75		Page 3	1548443041095	1548443041271	OK	 
REQUEST	80		Page 2	1548443041157	1548443041333	OK	 
REQUEST	85		Page 1	1548443041231	1548443041417	OK	 
USER	Users	67	END	1548443031651	1548443041463
REQUEST	90		Page 0	1548443041295	1548443041492	OK	 
REQUEST	71		Page 4	1548443041295	1548443041492	OK	 
REQUEST	76		Page 3	1548443041325	1548443041504	OK	 
REQUEST	86		Page 1	1548443041475	1548443041652	OK	 
REQUEST	81		Page 2	1548443041474	1548443041655	OK	 
USER	Users	68	END	1548443031906	1548443041692
REQUEST	91		Page 0	1548443041553	1548443041731	OK	 
REQUEST	72		Page 4	1548443041627	1548443041817	OK	 
REQUEST	82		Page 2	1548443041646	1548443041832	OK	 
REQUEST	77		Page 3	1548443041693	1548443041880	OK	 
REQUEST	87		Page 1	1548443041717	1548443041891	OK	 
REQUEST	78		Page 3	1548443041834	1548443042019	OK	 
USER	Users	69	END	1548443032154	1548443042023
REQUEST	92		Page 0	1548443041834	1548443042024	OK	 
REQUEST	73		Page 4	1548443041851	1548443042047	OK	 
REQUEST	83		Page 2	1548443041901	1548443042075	OK	 
USER	Users	70	END	1548443032403	1548443042186
REQUEST	88		Page 1	1548443042011	1548443042189	OK	 
REQUEST	74		Page 4	1548443042132	1548443042327	OK	 
REQUEST	84		Page 2	1548443042164	1548443042346	OK	 
REQUEST	79		Page 3	1548443042175	1548443042356	OK	 
REQUEST	89		Page 1	1548443042201	1548443042371	OK	 
REQUEST	75		Page 4	1548443042264	1548443042437	OK	 
USER	Users	71	END	1548443032653	1548443042494
REQUEST	80		Page 3	1548443042336	1548443042506	OK	 
REQUEST	85		Page 2	1548443042426	1548443042608	OK	 
REQUEST	90		Page 1	1548443042482	1548443042653	OK	 
REQUEST	76		Page 4	1548443042494	1548443042671	OK	 
USER	Users	72	END	1548443032902	1548443042814
REQUEST	86		Page 2	1548443042653	1548443042827	OK	 
REQUEST	81		Page 3	1548443042642	1548443042830	OK	 
REQUEST	91		Page 1	1548443042727	1548443042899	OK	 
REQUEST	82		Page 3	1548443042847	1548443043027	OK	 
USER	Users	73	END	1548443033155	1548443043067
REQUEST	77		Page 4	1548443042882	1548443043068	OK	 
REQUEST	87		Page 2	1548443042904	1548443043088	OK	 
REQUEST	78		Page 4	1548443043024	1548443043203	OK	 
REQUEST	92		Page 1	1548443043036	1548443043218	OK	 
REQUEST	83		Page 3	1548443043089	1548443043262	OK	 
USER	Users	74	END	1548443033404	1548443043322
REQUEST	88		Page 2	1548443043185	1548443043378	OK	 
USER	Users	75	END	1548443033653	1548443043431
REQUEST	84		Page 3	1548443043343	1548443043524	OK	 
REQUEST	79		Page 4	1548443043354	1548443043548	OK	 
REQUEST	89		Page 2	1548443043386	1548443043561	OK	 
REQUEST	80		Page 4	1548443043503	1548443043674	OK	 
USER	Users	76	END	1548443033906	1548443043676
REQUEST	85		Page 3	1548443043613	1548443043788	OK	 
REQUEST	90		Page 2	1548443043666	1548443043837	OK	 
REQUEST	81		Page 4	1548443043835	1548443044024	OK	 
REQUEST	86		Page 3	1548443043846	1548443044024	OK	 
USER	Users	77	END	1548443034154	1548443044076
REQUEST	91		Page 2	1548443043901	1548443044082	OK	 
REQUEST	82		Page 4	1548443044023	1548443044200	OK	 
USER	Users	78	END	1548443034391	1548443044205
REQUEST	87		Page 3	1548443044097	1548443044270	OK	 
REQUEST	92		Page 2	1548443044205	1548443044386	OK	 
REQUEST	83		Page 4	1548443044252	1548443044423	OK	 
USER	Users	79	END	1548443034644	1548443044544
REQUEST	88		Page 3	1548443044381	1548443044554	OK	 
USER	Users	80	END	1548443034891	1548443044672
REQUEST	84		Page 4	1548443044533	1548443044707	OK	 
REQUEST	89		Page 3	1548443044564	1548443044740	OK	 
REQUEST	85		Page 4	1548443044784	1548443044962	OK	 
REQUEST	90		Page 3	1548443044837	1548443045013	OK	 
USER	Users	81	END	1548443035141	1548443045033
USER	Users	82	END	1548443035401	1548443045196
REQUEST	86		Page 4	1548443045022	1548443045206	OK	 
REQUEST	91		Page 3	1548443045087	1548443045284	OK	 
USER	Users	83	END	1548443035655	1548443045435
REQUEST	87		Page 4	1548443045264	1548443045454	OK	 
REQUEST	92		Page 3	1548443045395	1548443045587	OK	 
USER	Users	84	END	1548443035901	1548443045705
REQUEST	88		Page 4	1548443045567	1548443045755	OK	 
REQUEST	89		Page 4	1548443045737	1548443045929	OK	 
USER	Users	85	END	1548443036156	1548443045964
REQUEST	90		Page 4	1548443046012	1548443046184	OK	 
USER	Users	86	END	1548443036401	1548443046195
USER	Users	87	END	1548443036651	1548443046456
REQUEST	91		Page 4	1548443046284	1548443046456	OK	 
USER	Users	88	END	1548443036902	1548443046755
REQUEST	92		Page 4	1548443046597	1548443046782	OK	 
USER	Users	89	END	1548443037153	1548443046936
USER	Users	90	END	1548443037405	1548443047181
USER	Users	91	END	1548443037655	1548443047462
USER	Users	92	END	1548443037902	1548443047772
